"../../../Engine/Content/Functions/Engine_MaterialFunctions01/Shading/PowerToRoughness.uasset" 0
"../../../Engine/Content/Functions/Engine_MaterialFunctions01/Shading/PowerToRoughness.uexp" 1
"../../../Engine/Content/Functions/Engine_MaterialFunctions01/Shading/ConvertFromDiffSpec.uasset" 2
"../../../Engine/Content/Functions/Engine_MaterialFunctions01/Shading/ConvertFromDiffSpec.uexp" 3
"../../../Engine/Content/EngineSounds/Master.uasset" 4
"../../../Engine/Content/EngineSounds/Master.uexp" 5
"../../../Engine/Content/EngineSky/VolumetricClouds/CloudWeatherTexture.uasset" 6
"../../../Engine/Content/EngineSky/VolumetricClouds/CloudWeatherTexture.uexp" 7
"../../../Engine/Content/Functions/Engine_MaterialFunctions02/Utility/MakeFloat2.uasset" 8
"../../../Engine/Content/Functions/Engine_MaterialFunctions02/Utility/MakeFloat2.uexp" 9
"../../../Engine/Content/EngineSky/VolumetricClouds/CloudGradientTexture.uasset" 10
"../../../Engine/Content/EngineSky/VolumetricClouds/CloudGradientTexture.uexp" 11
"../../../Engine/Content/EngineSky/VolumetricClouds/T_NoiseShape64.ubulk" 12
"../../../Engine/Content/EngineSky/VolumetricClouds/T_NoiseShape64.uasset" 13
"../../../Engine/Content/EngineSky/VolumetricClouds/T_NoiseShape64.uexp" 14
"../../../Engine/Content/EngineSky/VolumetricClouds/T_VolumeNoiseShape64.uasset" 15
"../../../Engine/Content/EngineSky/VolumetricClouds/T_VolumeNoiseShape64.uexp" 16
"../../../Engine/Content/EngineSky/VolumetricClouds/T_NoiseErosion.ubulk" 17
"../../../Engine/Content/EngineSky/VolumetricClouds/T_NoiseErosion.uasset" 18
"../../../Engine/Content/EngineSky/VolumetricClouds/T_NoiseErosion.uexp" 19
"../../../Engine/Content/EngineSky/VolumetricClouds/T_VolumeNoiseErosion32.uasset" 20
"../../../Engine/Content/EngineSky/VolumetricClouds/T_VolumeNoiseErosion32.uexp" 21
"../../../Engine/Content/EngineSky/VolumetricClouds/m_SimpleVolumetricCloud.uasset" 22
"../../../Engine/Content/EngineSky/VolumetricClouds/m_SimpleVolumetricCloud.uexp" 23
"../../../Engine/Content/EngineSky/VolumetricClouds/m_SimpleVolumetricCloud_Inst.uasset" 24
"../../../Engine/Content/EngineSky/VolumetricClouds/m_SimpleVolumetricCloud_Inst.uexp" 25
"../../../Engine/Content/EngineResources/GradientTexture0.uasset" 26
"../../../Engine/Content/EngineResources/GradientTexture0.uexp" 27
"../../../Engine/Content/EngineResources/DefaultVolumeTexture2D.uasset" 28
"../../../Engine/Content/EngineResources/DefaultVolumeTexture2D.uexp" 29
"../../../Engine/Content/EngineResources/DefaultVolumeTexture.uasset" 30
"../../../Engine/Content/EngineResources/DefaultVolumeTexture.uexp" 31
"../../../Engine/Content/EngineResources/DefaultTextureCube.uasset" 32
"../../../Engine/Content/EngineResources/DefaultTextureCube.uexp" 33
"../../../Engine/Content/EngineResources/DefaultTexture.ubulk" 34
"../../../Engine/Content/EngineResources/DefaultTexture.uasset" 35
"../../../Engine/Content/EngineResources/DefaultTexture.uexp" 36
"../../../Engine/Content/EngineResources/Black.uasset" 37
"../../../Engine/Content/EngineResources/Black.uexp" 38
"../../../Engine/Content/EngineResources/FilmGrains/Marcie_Grain_v3_128_M2_000.uasset" 39
"../../../Engine/Content/EngineResources/FilmGrains/Marcie_Grain_v3_128_M2_000.uexp" 40
"../../../Engine/Content/EngineMeshes/Sphere.ubulk" 41
"../../../Engine/Content/EngineMeshes/Sphere.uasset" 42
"../../../Engine/Content/EngineMeshes/Sphere.uexp" 43
"../../../Engine/Content/EngineResources/WhiteSquareTexture.uasset" 44
"../../../Engine/Content/EngineResources/WhiteSquareTexture.uexp" 45
"../../../Engine/Content/EngineMaterials/Widget3DPassThrough.uasset" 46
"../../../Engine/Content/EngineMaterials/Widget3DPassThrough.uexp" 47
"../../../Engine/Content/EngineMaterials/Widget3DPassThrough_Translucent.uasset" 48
"../../../Engine/Content/EngineMaterials/Widget3DPassThrough_Translucent.uexp" 49
"../../../Engine/Content/EngineMaterials/Widget3DPassThrough_Translucent_OneSided.uasset" 50
"../../../Engine/Content/EngineMaterials/Widget3DPassThrough_Translucent_OneSided.uexp" 51
"../../../Engine/Content/EngineMaterials/Widget3DPassThrough_Opaque.uasset" 52
"../../../Engine/Content/EngineMaterials/Widget3DPassThrough_Opaque.uexp" 53
"../../../Engine/Content/EngineMaterials/Widget3DPassThrough_Opaque_OneSided.uasset" 54
"../../../Engine/Content/EngineMaterials/Widget3DPassThrough_Opaque_OneSided.uexp" 55
"../../../Engine/Content/EngineMaterials/Widget3DPassThrough_Masked_OneSided.uasset" 56
"../../../Engine/Content/EngineMaterials/Widget3DPassThrough_Masked_OneSided.uexp" 57
"../../../Engine/Content/EngineMaterials/Widget3DPassThrough_Masked.uasset" 58
"../../../Engine/Content/EngineMaterials/Widget3DPassThrough_Masked.uexp" 59
"../../../Engine/Content/EngineMaterials/WeightMapPlaceholderTexture.uasset" 60
"../../../Engine/Content/EngineMaterials/WeightMapPlaceholderTexture.uexp" 61
"../../../Engine/Content/EngineMaterials/RemoveSurfaceMaterial.uasset" 62
"../../../Engine/Content/EngineMaterials/RemoveSurfaceMaterial.uexp" 63
"../../../Engine/Content/EngineMaterials/PreintegratedSkinBRDF.uasset" 64
"../../../Engine/Content/EngineMaterials/PreintegratedSkinBRDF.uexp" 65
"../../../Engine/Content/EngineMaterials/DefaultCalibrationGrayscale.uasset" 66
"../../../Engine/Content/EngineMaterials/DefaultCalibrationGrayscale.uexp" 67
"../../../Engine/Content/EngineMaterials/PPM_DefaultCalibrationGrayscale.uasset" 68
"../../../Engine/Content/EngineMaterials/PPM_DefaultCalibrationGrayscale.uexp" 69
"../../../Engine/Content/EngineMaterials/DefaultCalibrationColor.uasset" 70
"../../../Engine/Content/EngineMaterials/DefaultCalibrationColor.uexp" 71
"../../../Engine/Content/EngineMaterials/PPM_DefaultCalibrationColor.uasset" 72
"../../../Engine/Content/EngineMaterials/PPM_DefaultCalibrationColor.uexp" 73
"../../../Engine/Content/Functions/Engine_MaterialFunctions02/WorldPositionOffset/CameraOffset.uasset" 74
"../../../Engine/Content/Functions/Engine_MaterialFunctions02/WorldPositionOffset/CameraOffset.uexp" 75
"../../../Engine/Content/EngineMaterials/PhAT_JointLimitMaterial.uasset" 76
"../../../Engine/Content/EngineMaterials/PhAT_JointLimitMaterial.uexp" 77
"../../../Engine/Content/EngineMaterials/InvalidLightmapSettings.ubulk" 78
"../../../Engine/Content/EngineMaterials/InvalidLightmapSettings.uasset" 79
"../../../Engine/Content/EngineMaterials/InvalidLightmapSettings.uexp" 80
"../../../Engine/Content/EngineMaterials/M_InvalidLightmapSettings.uasset" 81
"../../../Engine/Content/EngineMaterials/M_InvalidLightmapSettings.uexp" 82
"../../../Engine/Content/EngineMaterials/MiniFont.uasset" 83
"../../../Engine/Content/EngineMaterials/MiniFont.uexp" 84
"../../../Engine/Content/EngineMaterials/Good64x64TilingNoiseHighFreq.uasset" 85
"../../../Engine/Content/EngineMaterials/Good64x64TilingNoiseHighFreq.uexp" 86
"../../../Engine/Content/EngineMaterials/GizmoMaterial.uasset" 87
"../../../Engine/Content/EngineMaterials/GizmoMaterial.uexp" 88
"../../../Engine/Content/EngineMaterials/BaseFlattenEmissiveMap_VT.uasset" 89
"../../../Engine/Content/EngineMaterials/BaseFlattenEmissiveMap_VT.uexp" 90
"../../../Engine/Content/EngineMaterials/BaseFlattenGrayscaleMap_VT.uasset" 91
"../../../Engine/Content/EngineMaterials/BaseFlattenGrayscaleMap_VT.uexp" 92
"../../../Engine/Content/EngineMaterials/BaseFlattenLinearColor_VT.uasset" 93
"../../../Engine/Content/EngineMaterials/BaseFlattenLinearColor_VT.uexp" 94
"../../../Engine/Content/EngineMaterials/Black_1x1_EXR_Texture_VT.uasset" 95
"../../../Engine/Content/EngineMaterials/Black_1x1_EXR_Texture_VT.uexp" 96
"../../../Engine/Content/EngineMaterials/BaseFlattenDiffuseMap_VT.uasset" 97
"../../../Engine/Content/EngineMaterials/BaseFlattenDiffuseMap_VT.uexp" 98
"../../../Engine/Content/EngineMaterials/BaseFlattenNormalMap_VT.uasset" 99
"../../../Engine/Content/EngineMaterials/BaseFlattenNormalMap_VT.uexp" 100
"../../../Engine/Content/EngineMaterials/FlattenMaterial_WS_Normal_VT.uasset" 101
"../../../Engine/Content/EngineMaterials/FlattenMaterial_WS_Normal_VT.uexp" 102
"../../../Engine/Content/EngineMaterials/FlattenMaterial_VT.uasset" 103
"../../../Engine/Content/EngineMaterials/FlattenMaterial_VT.uexp" 104
"../../../Engine/Content/EngineMaterials/BaseFlattenNormalMap.uasset" 105
"../../../Engine/Content/EngineMaterials/BaseFlattenNormalMap.uexp" 106
"../../../Engine/Content/EngineMaterials/BaseFlattenGrayscaleMap.uasset" 107
"../../../Engine/Content/EngineMaterials/BaseFlattenGrayscaleMap.uexp" 108
"../../../Engine/Content/EngineMaterials/BaseFlattenDiffuseMap.uasset" 109
"../../../Engine/Content/EngineMaterials/BaseFlattenDiffuseMap.uexp" 110
"../../../Engine/Content/Functions/Engine_MaterialFunctions02/PivotPainter2/Black_1x1_EXR_Texture.uasset" 111
"../../../Engine/Content/Functions/Engine_MaterialFunctions02/PivotPainter2/Black_1x1_EXR_Texture.uexp" 112
"../../../Engine/Content/EngineMaterials/BaseFlattenEmissiveMap.uasset" 113
"../../../Engine/Content/EngineMaterials/BaseFlattenEmissiveMap.uexp" 114
"../../../Engine/Content/EngineMaterials/BaseFlattenLinearColor.uasset" 115
"../../../Engine/Content/EngineMaterials/BaseFlattenLinearColor.uexp" 116
"../../../Engine/Content/EngineMaterials/FlattenMaterial.uasset" 117
"../../../Engine/Content/EngineMaterials/FlattenMaterial.uexp" 118
"../../../Engine/Content/EngineMaterials/DefaultWhiteGrid_Low.uasset" 119
"../../../Engine/Content/EngineMaterials/DefaultWhiteGrid_Low.uexp" 120
"../../../Engine/Content/EngineMaterials/EmissiveMeshMaterial.uasset" 121
"../../../Engine/Content/EngineMaterials/EmissiveMeshMaterial.uexp" 122
"../../../Engine/Content/EngineMaterials/DefaultWhiteGrid.ubulk" 123
"../../../Engine/Content/EngineMaterials/DefaultWhiteGrid.uasset" 124
"../../../Engine/Content/EngineMaterials/DefaultWhiteGrid.uexp" 125
"../../../Engine/Content/EngineFonts/RobotoDistanceField.uasset" 126
"../../../Engine/Content/EngineFonts/RobotoDistanceField.uexp" 127
"../../../Engine/Content/EngineMaterials/DefaultTextMaterialOpaque.uasset" 128
"../../../Engine/Content/EngineMaterials/DefaultTextMaterialOpaque.uexp" 129
"../../../Engine/Content/EngineMaterials/DefaultDiffuse.ubulk" 130
"../../../Engine/Content/EngineMaterials/DefaultDiffuse.uasset" 131
"../../../Engine/Content/EngineMaterials/DefaultDiffuse.uexp" 132
"../../../Engine/Content/Functions/Engine_MaterialFunctions02/Utility/BreakOutFloat2Components.uasset" 133
"../../../Engine/Content/Functions/Engine_MaterialFunctions02/Utility/BreakOutFloat2Components.uexp" 134
"../../../Engine/Content/EngineMaterials/DefaultPostProcessMaterial.uasset" 135
"../../../Engine/Content/EngineMaterials/DefaultPostProcessMaterial.uexp" 136
"../../../Engine/Content/EngineMaterials/DefaultPhysicalMaterial.uasset" 137
"../../../Engine/Content/EngineMaterials/DefaultPhysicalMaterial.uexp" 138
"../../../Engine/Content/EngineMaterials/DefaultLightFunctionMaterial.uasset" 139
"../../../Engine/Content/EngineMaterials/DefaultLightFunctionMaterial.uexp" 140
"../../../Engine/Content/EngineMaterials/DefaultDestructiblePhysicalMaterial.uasset" 141
"../../../Engine/Content/EngineMaterials/DefaultDestructiblePhysicalMaterial.uexp" 142
"../../../Engine/Content/EngineMaterials/DefaultDeferredDecalMaterial.uasset" 143
"../../../Engine/Content/EngineMaterials/DefaultDeferredDecalMaterial.uexp" 144
"../../../Engine/Content/EngineMaterials/DefaultBokeh.uasset" 145
"../../../Engine/Content/EngineMaterials/DefaultBokeh.uexp" 146
"../../../Engine/Content/EngineMaterials/DefaultBloomKernel.uasset" 147
"../../../Engine/Content/EngineMaterials/DefaultBloomKernel.uexp" 148
"../../../Engine/Content/EngineMaterials/BlueNoise.uasset" 149
"../../../Engine/Content/EngineMaterials/BlueNoise.uexp" 150
"../../../Engine/Content/EngineFonts/Faces/RobotoLight.uexp" 151
"../../../Engine/Content/EngineFonts/Faces/RobotoLight.uasset" 152
"../../../Engine/Content/EngineFonts/Faces/RobotoLight.ufont" 153
"../../../Engine/Content/EngineFonts/Faces/RobotoBold.uexp" 154
"../../../Engine/Content/EngineFonts/Faces/RobotoBold.uasset" 155
"../../../Engine/Content/EngineFonts/Faces/RobotoBold.ufont" 156
"../../../Engine/Content/EngineFonts/Faces/RobotoRegular.uexp" 157
"../../../Engine/Content/EngineFonts/Faces/RobotoRegular.uasset" 158
"../../../Engine/Content/EngineFonts/Faces/RobotoRegular.ufont" 159
"../../../Engine/Content/EngineFonts/Faces/DroidSansFallback.uexp" 160
"../../../Engine/Content/EngineFonts/Faces/DroidSansFallback.uasset" 161
"../../../Engine/Content/EngineFonts/Faces/DroidSansFallback.ufont" 162
"../../../Engine/Content/EngineFonts/Faces/RobotoItalic.uexp" 163
"../../../Engine/Content/EngineFonts/Faces/RobotoItalic.uasset" 164
"../../../Engine/Content/EngineFonts/Faces/RobotoItalic.ufont" 165
"../../../Engine/Content/EngineFonts/Faces/RobotoBoldItalic.uexp" 166
"../../../Engine/Content/EngineFonts/Faces/RobotoBoldItalic.uasset" 167
"../../../Engine/Content/EngineFonts/Faces/RobotoBoldItalic.ufont" 168
"../../../Engine/Content/EngineFonts/Roboto.uasset" 169
"../../../Engine/Content/EngineFonts/Roboto.uexp" 170
"../../../Engine/Content/Functions/Engine_MaterialFunctions02/Utility/CameraDirectionVector.uasset" 171
"../../../Engine/Content/Functions/Engine_MaterialFunctions02/Utility/CameraDirectionVector.uexp" 172
"../../../Engine/Content/EngineDebugMaterials/VolumeToRender.uasset" 173
"../../../Engine/Content/EngineDebugMaterials/VolumeToRender.uexp" 174
"../../../Engine/Content/EngineDebugMaterials/M_VolumeRenderSphereTracePP.uasset" 175
"../../../Engine/Content/EngineDebugMaterials/M_VolumeRenderSphereTracePP.uexp" 176
"../../../Engine/Content/EngineDebugMaterials/M_SimpleUnlitTranslucent.uasset" 177
"../../../Engine/Content/EngineDebugMaterials/M_SimpleUnlitTranslucent.uexp" 178
"../../../Engine/Content/EngineDebugMaterials/DebugMeshMaterial.uasset" 179
"../../../Engine/Content/EngineDebugMaterials/DebugMeshMaterial.uexp" 180
"../../../Engine/Content/EngineDebugMaterials/DebugEditorMaterial.uasset" 181
"../../../Engine/Content/EngineDebugMaterials/DebugEditorMaterial.uexp" 182
"../../../Engine/Content/EngineDamageTypes/DmgTypeBP_Environmental.uasset" 183
"../../../Engine/Content/EngineDamageTypes/DmgTypeBP_Environmental.uexp" 184
"../../../Engine/Content/EditorResources/S_TriggerSphere.uasset" 185
"../../../Engine/Content/EditorResources/S_TriggerSphere.uexp" 186
"../../../Engine/Content/EditorResources/S_TriggerCapsule.uasset" 187
"../../../Engine/Content/EditorResources/S_TriggerCapsule.uexp" 188
"../../../Engine/Content/EditorResources/S_TriggerBox.uasset" 189
"../../../Engine/Content/EditorResources/S_TriggerBox.uexp" 190
"../../../Engine/Content/EditorResources/S_Trigger.ubulk" 191
"../../../Engine/Content/EditorResources/S_Trigger.uasset" 192
"../../../Engine/Content/EditorResources/S_Trigger.uexp" 193
"../../../Engine/Content/EditorResources/S_Terrain.ubulk" 194
"../../../Engine/Content/EditorResources/S_Terrain.uasset" 195
"../../../Engine/Content/EditorResources/S_Terrain.uexp" 196
"../../../Engine/Content/EditorResources/S_Solver.ubulk" 197
"../../../Engine/Content/EditorResources/S_Solver.uasset" 198
"../../../Engine/Content/EditorResources/S_Solver.uexp" 199
"../../../Engine/Content/EditorResources/S_BoxReflectionCapture.uasset" 200
"../../../Engine/Content/EditorResources/S_BoxReflectionCapture.uexp" 201
"../../../Engine/Content/EditorResources/S_Actor.ubulk" 202
"../../../Engine/Content/EditorResources/S_Actor.uasset" 203
"../../../Engine/Content/EditorResources/S_Actor.uexp" 204
"../../../Engine/Content/EditorResources/EmptyActor.uasset" 205
"../../../Engine/Content/EditorResources/EmptyActor.uexp" 206
"../../../Engine/Content/EditorResources/BSPVertex.uasset" 207
"../../../Engine/Content/EditorResources/BSPVertex.uexp" 208
"../../../Engine/Content/EditorResources/SequenceRecorder/RecordingIndicator.uasset" 209
"../../../Engine/Content/EditorResources/SequenceRecorder/RecordingIndicator.uexp" 210
"../../../Engine/Content/EditorResources/SequenceRecorder/Countdown.uasset" 211
"../../../Engine/Content/EditorResources/SequenceRecorder/Countdown.uexp" 212
"../../../Engine/Content/EditorMaterials/Camera/CineMat.uasset" 213
"../../../Engine/Content/EditorMaterials/Camera/CineMat.uexp" 214
"../../../Engine/Content/EditorMaterials/Camera/MI_CineMat_Rig.uasset" 215
"../../../Engine/Content/EditorMaterials/Camera/MI_CineMat_Rig.uexp" 216
"../../../Engine/Content/EditorMeshes/Camera/SM_RailRig_Track.ubulk" 217
"../../../Engine/Content/EditorMeshes/Camera/SM_RailRig_Track.uasset" 218
"../../../Engine/Content/EditorMeshes/Camera/SM_RailRig_Track.uexp" 219
"../../../Engine/Content/EditorMeshes/Camera/SM_RailRig_Mount.ubulk" 220
"../../../Engine/Content/EditorMeshes/Camera/SM_RailRig_Mount.uasset" 221
"../../../Engine/Content/EditorMeshes/Camera/SM_RailRig_Mount.uexp" 222
"../../../Engine/Content/EditorMeshes/Camera/SM_CraneRig_Mount.ubulk" 223
"../../../Engine/Content/EditorMeshes/Camera/SM_CraneRig_Mount.uasset" 224
"../../../Engine/Content/EditorMeshes/Camera/SM_CraneRig_Mount.uexp" 225
"../../../Engine/Content/EditorMeshes/Camera/SM_CraneRig_Body.ubulk" 226
"../../../Engine/Content/EditorMeshes/Camera/SM_CraneRig_Body.uasset" 227
"../../../Engine/Content/EditorMeshes/Camera/SM_CraneRig_Body.uexp" 228
"../../../Engine/Content/EditorMeshes/Camera/SM_CraneRig_Base.ubulk" 229
"../../../Engine/Content/EditorMeshes/Camera/SM_CraneRig_Base.uasset" 230
"../../../Engine/Content/EditorMeshes/Camera/SM_CraneRig_Base.uexp" 231
"../../../Engine/Content/EditorMeshes/Camera/SM_CraneRig_Arm.ubulk" 232
"../../../Engine/Content/EditorMeshes/Camera/SM_CraneRig_Arm.uasset" 233
"../../../Engine/Content/EditorMeshes/Camera/SM_CraneRig_Arm.uexp" 234
"../../../Engine/Content/EditorMaterials/PreviewShadowIndicator.ubulk" 235
"../../../Engine/Content/EditorMaterials/PreviewShadowIndicator.uasset" 236
"../../../Engine/Content/EditorMaterials/PreviewShadowIndicator.uexp" 237
"../../../Engine/Content/EditorMaterials/PreviewShadowIndicatorMaterial.uasset" 238
"../../../Engine/Content/EditorMaterials/PreviewShadowIndicatorMaterial.uexp" 239
"../../../Engine/Content/EditorMaterials/MAT_Groups_Visibility.uasset" 240
"../../../Engine/Content/EditorMaterials/MAT_Groups_Visibility.uexp" 241
"../../../Engine/Content/EditorMaterials/MAT_Groups_Toggle.uasset" 242
"../../../Engine/Content/EditorMaterials/MAT_Groups_Toggle.uexp" 243
"../../../Engine/Content/Functions/Engine_MaterialFunctions02/Utility/MakeFloat4.uasset" 244
"../../../Engine/Content/Functions/Engine_MaterialFunctions02/Utility/MakeFloat4.uexp" 245
"../../../Engine/Content/Functions/Engine_MaterialFunctions02/Utility/MakeFloat3.uasset" 246
"../../../Engine/Content/Functions/Engine_MaterialFunctions02/Utility/MakeFloat3.uexp" 247
"../../../Engine/Content/Functions/Engine_MaterialFunctions02/Utility/BreakOutFloat3Components.uasset" 248
"../../../Engine/Content/Functions/Engine_MaterialFunctions02/Utility/BreakOutFloat3Components.uexp" 249
"../../../Engine/Content/EditorMaterials/WorldPartition/WorldPartitionSpatialHashGridPreviewMaterial.uasset" 250
"../../../Engine/Content/EditorMaterials/WorldPartition/WorldPartitionSpatialHashGridPreviewMaterial.uexp" 251
"../../../Engine/Content/EditorMaterials/ParticleSystems/PSysThumbnail_OOD.ubulk" 252
"../../../Engine/Content/EditorMaterials/ParticleSystems/PSysThumbnail_OOD.uasset" 253
"../../../Engine/Content/EditorMaterials/ParticleSystems/PSysThumbnail_OOD.uexp" 254
"../../../Engine/Content/EditorMaterials/ParticleSystems/PSysThumbnail_NoImage.ubulk" 255
"../../../Engine/Content/EditorMaterials/ParticleSystems/PSysThumbnail_NoImage.uasset" 256
"../../../Engine/Content/EditorMaterials/ParticleSystems/PSysThumbnail_NoImage.uexp" 257
"../../../Engine/Content/EditorMaterials/MatineeGroups/MAT_Groups_Vector.uasset" 258
"../../../Engine/Content/EditorMaterials/MatineeGroups/MAT_Groups_Vector.uexp" 259
"../../../Engine/Content/EditorMaterials/MatineeGroups/MAT_Groups_Sound.uasset" 260
"../../../Engine/Content/EditorMaterials/MatineeGroups/MAT_Groups_Sound.uexp" 261
"../../../Engine/Content/EditorMaterials/MatineeGroups/MAT_Groups_Slomo.uasset" 262
"../../../Engine/Content/EditorMaterials/MatineeGroups/MAT_Groups_Slomo.uexp" 263
"../../../Engine/Content/EditorMaterials/MatineeGroups/MAT_Groups_Move.uasset" 264
"../../../Engine/Content/EditorMaterials/MatineeGroups/MAT_Groups_Move.uexp" 265
"../../../Engine/Content/EditorMaterials/MatineeGroups/MAT_Groups_Float.uasset" 266
"../../../Engine/Content/EditorMaterials/MatineeGroups/MAT_Groups_Float.uexp" 267
"../../../Engine/Content/EditorMaterials/MatineeGroups/MAT_Groups_Fade.uasset" 268
"../../../Engine/Content/EditorMaterials/MatineeGroups/MAT_Groups_Fade.uexp" 269
"../../../Engine/Content/EditorMaterials/MatineeGroups/MAT_Groups_Event.uasset" 270
"../../../Engine/Content/EditorMaterials/MatineeGroups/MAT_Groups_Event.uexp" 271
"../../../Engine/Content/EditorMaterials/MatineeGroups/MAT_Groups_Director.uasset" 272
"../../../Engine/Content/EditorMaterials/MatineeGroups/MAT_Groups_Director.uexp" 273
"../../../Engine/Content/EditorMaterials/MatineeGroups/MAT_Groups_AudioMaster.uasset" 274
"../../../Engine/Content/EditorMaterials/MatineeGroups/MAT_Groups_AudioMaster.uexp" 275
"../../../Engine/Content/EditorMaterials/MatineeGroups/MAT_Groups_Anim.uasset" 276
"../../../Engine/Content/EditorMaterials/MatineeGroups/MAT_Groups_Anim.uexp" 277
"../../../Engine/Content/EditorMaterials/MatineeGroups/MAT_ColorTrack.uasset" 278
"../../../Engine/Content/EditorMaterials/MatineeGroups/MAT_ColorTrack.uexp" 279
"../../../Engine/Content/EditorLandscapeResources/DefaultAlphaTexture.uasset" 280
"../../../Engine/Content/EditorLandscapeResources/DefaultAlphaTexture.uexp" 281
"../../../Engine/Content/EditorLandscapeResources/DataLayer.uasset" 282
"../../../Engine/Content/EditorLandscapeResources/DataLayer.uexp" 283
"../../../Engine/Content/EngineMaterials/T_Default_Material_Grid_M.ubulk" 284
"../../../Engine/Content/EngineMaterials/T_Default_Material_Grid_M.uasset" 285
"../../../Engine/Content/EngineMaterials/T_Default_Material_Grid_M.uexp" 286
"../../../Engine/Content/EngineMaterials/T_Default_Material_Grid_N.ubulk" 287
"../../../Engine/Content/EngineMaterials/T_Default_Material_Grid_N.uasset" 288
"../../../Engine/Content/EngineMaterials/T_Default_Material_Grid_N.uexp" 289
"../../../Engine/Content/Functions/Engine_MaterialFunctions01/Opacity/CameraDepthFade.uasset" 290
"../../../Engine/Content/Functions/Engine_MaterialFunctions01/Opacity/CameraDepthFade.uexp" 291
"../../../Engine/Content/EngineMaterials/DefaultMaterial.uasset" 292
"../../../Engine/Content/EngineMaterials/DefaultMaterial.uexp" 293
"../../../Engine/Content/BasicShapes/Sphere.ubulk" 294
"../../../Engine/Content/BasicShapes/Sphere.uasset" 295
"../../../Engine/Content/BasicShapes/Sphere.uexp" 296
"../../../Engine/Content/EngineMaterials/WorldGridMaterial.uasset" 297
"../../../Engine/Content/EngineMaterials/WorldGridMaterial.uexp" 298
"../../../Engine/Content/BasicShapes/Plane.ubulk" 299
"../../../Engine/Content/BasicShapes/Plane.uasset" 300
"../../../Engine/Content/BasicShapes/Plane.uexp" 301
"../../../Engine/Content/BasicShapes/Cylinder.ubulk" 302
"../../../Engine/Content/BasicShapes/Cylinder.uasset" 303
"../../../Engine/Content/BasicShapes/Cylinder.uexp" 304
"../../../Engine/Content/BasicShapes/Cube.ubulk" 305
"../../../Engine/Content/BasicShapes/Cube.uasset" 306
"../../../Engine/Content/BasicShapes/Cube.uexp" 307
"../../../Engine/Content/BasicShapes/Cone.ubulk" 308
"../../../Engine/Content/BasicShapes/Cone.uasset" 309
"../../../Engine/Content/BasicShapes/Cone.uexp" 310
"../../../Engine/Content/ArtTools/RenderToTexture/Meshes/S_1_Unit_Plane.ubulk" 311
"../../../Engine/Content/ArtTools/RenderToTexture/Meshes/S_1_Unit_Plane.uasset" 312
"../../../Engine/Content/ArtTools/RenderToTexture/Meshes/S_1_Unit_Plane.uexp" 313
"../../../Engine/Content/MobileResources/HUD/VirtualJoystick_Background.uasset" 314
"../../../Engine/Content/MobileResources/HUD/VirtualJoystick_Background.uexp" 315
"../../../Engine/Content/MobileResources/HUD/VirtualJoystick_Thumb.uasset" 316
"../../../Engine/Content/MobileResources/HUD/VirtualJoystick_Thumb.uexp" 317
"../../../Engine/Content/MobileResources/HUD/DefaultVirtualJoysticks.uasset" 318
"../../../Engine/Content/MobileResources/HUD/DefaultVirtualJoysticks.uexp" 319
"../../../Engine/Content/Tutorial/ContentIntroCurve.uasset" 320
"../../../Engine/Content/Tutorial/ContentIntroCurve.uexp" 321
"../../../Engine/Content/VREditor/TransformGizmo/Main.uasset" 322
"../../../Engine/Content/VREditor/TransformGizmo/Main.uexp" 323
"../../../Engine/Content/VREditor/TransformGizmo/Xray.uasset" 324
"../../../Engine/Content/VREditor/TransformGizmo/Xray.uexp" 325
"../../../Engine/Content/VREditor/TransformGizmo/SM_Sequencer_Node.ubulk" 326
"../../../Engine/Content/VREditor/TransformGizmo/SM_Sequencer_Node.uasset" 327
"../../../Engine/Content/VREditor/TransformGizmo/SM_Sequencer_Node.uexp" 328
"../../../Engine/Content/VREditor/LaserPointer/VR_LaserPower_01.ubulk" 329
"../../../Engine/Content/VREditor/LaserPointer/VR_LaserPower_01.uasset" 330
"../../../Engine/Content/VREditor/LaserPointer/VR_LaserPower_01.uexp" 331
"../../../Engine/Content/VREditor/TransformGizmo/TransformGizmoMaterial.uasset" 332
"../../../Engine/Content/VREditor/TransformGizmo/TransformGizmoMaterial.uexp" 333
"../../../Engine/Content/VREditor/TransformGizmo/TranslucentTransformGizmoMaterial.uasset" 334
"../../../Engine/Content/VREditor/TransformGizmo/TranslucentTransformGizmoMaterial.uexp" 335
"../../../Engine/Content/VREditor/TransformGizmo/PlaneTranslationHandle.ubulk" 336
"../../../Engine/Content/VREditor/TransformGizmo/PlaneTranslationHandle.uasset" 337
"../../../Engine/Content/VREditor/TransformGizmo/PlaneTranslationHandle.uexp" 338
"../../../Engine/Content/VREditor/TransformGizmo/BoundingBoxEdge.ubulk" 339
"../../../Engine/Content/VREditor/TransformGizmo/BoundingBoxEdge.uasset" 340
"../../../Engine/Content/VREditor/TransformGizmo/BoundingBoxEdge.uexp" 341
"../../../Engine/Content/VREditor/TransformGizmo/BoundingBoxCorner.ubulk" 342
"../../../Engine/Content/VREditor/TransformGizmo/BoundingBoxCorner.uasset" 343
"../../../Engine/Content/VREditor/TransformGizmo/BoundingBoxCorner.uexp" 344
"../../../Engine/Plugins/2D/Paper2D/Content/PlaceholderTextures/DummySpriteTexture.ubulk" 345
"../../../Engine/Plugins/2D/Paper2D/Content/PlaceholderTextures/DummySpriteTexture.uasset" 346
"../../../Engine/Plugins/2D/Paper2D/Content/PlaceholderTextures/DummySpriteTexture.uexp" 347
"../../../Engine/Plugins/2D/Paper2D/Content/DefaultSpriteMaterial.uasset" 348
"../../../Engine/Plugins/2D/Paper2D/Content/DefaultSpriteMaterial.uexp" 349
"../../../Engine/Plugins/2D/Paper2D/Content/OpaqueUnlitSpriteMaterial.uasset" 350
"../../../Engine/Plugins/2D/Paper2D/Content/OpaqueUnlitSpriteMaterial.uexp" 351
"../../../Engine/Plugins/2D/Paper2D/Content/MaskedUnlitSpriteMaterial.uasset" 352
"../../../Engine/Plugins/2D/Paper2D/Content/MaskedUnlitSpriteMaterial.uexp" 353
"../../../Engine/Plugins/2D/Paper2D/Content/DummySprite.uasset" 354
"../../../Engine/Plugins/2D/Paper2D/Content/DummySprite.uexp" 355
"../../../Engine/Plugins/2D/Paper2D/Content/DefaultPaperTerrainMaterial.uasset" 356
"../../../Engine/Plugins/2D/Paper2D/Content/DefaultPaperTerrainMaterial.uexp" 357
"../../../Engine/Plugins/Animation/ControlRig/Content/M_Manip.uasset" 358
"../../../Engine/Plugins/Animation/ControlRig/Content/M_Manip.uexp" 359
"../../../Engine/Plugins/Animation/ControlRig/Content/Controls/DefaultGizmoLibraryNormalized.uasset" 360
"../../../Engine/Plugins/Animation/ControlRig/Content/Controls/DefaultGizmoLibraryNormalized.uexp" 361
"../../../Engine/Plugins/Animation/ControlRig/Content/Controls/ControlRig_Wedge_solid.ubulk" 362
"../../../Engine/Plugins/Animation/ControlRig/Content/Controls/ControlRig_Wedge_solid.uasset" 363
"../../../Engine/Plugins/Animation/ControlRig/Content/Controls/ControlRig_Wedge_solid.uexp" 364
"../../../Engine/Plugins/Animation/ControlRig/Content/Controls/ControlRig_Wedge_3mm.ubulk" 365
"../../../Engine/Plugins/Animation/ControlRig/Content/Controls/ControlRig_Wedge_3mm.uasset" 366
"../../../Engine/Plugins/Animation/ControlRig/Content/Controls/ControlRig_Wedge_3mm.uexp" 367
"../../../Engine/Plugins/Animation/ControlRig/Content/Controls/ControlRig_Wedge_1mm.ubulk" 368
"../../../Engine/Plugins/Animation/ControlRig/Content/Controls/ControlRig_Wedge_1mm.uasset" 369
"../../../Engine/Plugins/Animation/ControlRig/Content/Controls/ControlRig_Wedge_1mm.uexp" 370
"../../../Engine/Plugins/Animation/ControlRig/Content/Controls/ControlRig_Triangle_solid.ubulk" 371
"../../../Engine/Plugins/Animation/ControlRig/Content/Controls/ControlRig_Triangle_solid.uasset" 372
"../../../Engine/Plugins/Animation/ControlRig/Content/Controls/ControlRig_Triangle_solid.uexp" 373
"../../../Engine/Plugins/Animation/ControlRig/Content/Controls/ControlRig_Triangle_3mm.ubulk" 374
"../../../Engine/Plugins/Animation/ControlRig/Content/Controls/ControlRig_Triangle_3mm.uasset" 375
"../../../Engine/Plugins/Animation/ControlRig/Content/Controls/ControlRig_Triangle_3mm.uexp" 376
"../../../Engine/Plugins/Animation/ControlRig/Content/Controls/ControlRig_Triangle_1mm.ubulk" 377
"../../../Engine/Plugins/Animation/ControlRig/Content/Controls/ControlRig_Triangle_1mm.uasset" 378
"../../../Engine/Plugins/Animation/ControlRig/Content/Controls/ControlRig_Triangle_1mm.uexp" 379
"../../../Engine/Plugins/Animation/ControlRig/Content/Controls/ControlRig_Star4_solid.ubulk" 380
"../../../Engine/Plugins/Animation/ControlRig/Content/Controls/ControlRig_Star4_solid.uasset" 381
"../../../Engine/Plugins/Animation/ControlRig/Content/Controls/ControlRig_Star4_solid.uexp" 382
"../../../Engine/Plugins/Animation/ControlRig/Content/Controls/ControlRig_Star4_3mm.ubulk" 383
"../../../Engine/Plugins/Animation/ControlRig/Content/Controls/ControlRig_Star4_3mm.uasset" 384
"../../../Engine/Plugins/Animation/ControlRig/Content/Controls/ControlRig_Star4_3mm.uexp" 385
"../../../Engine/Plugins/Animation/ControlRig/Content/Controls/ControlRig_Star4_1mm.ubulk" 386
"../../../Engine/Plugins/Animation/ControlRig/Content/Controls/ControlRig_Star4_1mm.uasset" 387
"../../../Engine/Plugins/Animation/ControlRig/Content/Controls/ControlRig_Star4_1mm.uexp" 388
"../../../Engine/Plugins/Animation/ControlRig/Content/Controls/ControlRig_Square_solid.ubulk" 389
"../../../Engine/Plugins/Animation/ControlRig/Content/Controls/ControlRig_Square_solid.uasset" 390
"../../../Engine/Plugins/Animation/ControlRig/Content/Controls/ControlRig_Square_solid.uexp" 391
"../../../Engine/Plugins/Animation/ControlRig/Content/Controls/ControlRig_Square_3mm.ubulk" 392
"../../../Engine/Plugins/Animation/ControlRig/Content/Controls/ControlRig_Square_3mm.uasset" 393
"../../../Engine/Plugins/Animation/ControlRig/Content/Controls/ControlRig_Square_3mm.uexp" 394
"../../../Engine/Plugins/Animation/ControlRig/Content/Controls/ControlRig_Square_1mm.ubulk" 395
"../../../Engine/Plugins/Animation/ControlRig/Content/Controls/ControlRig_Square_1mm.uasset" 396
"../../../Engine/Plugins/Animation/ControlRig/Content/Controls/ControlRig_Square_1mm.uexp" 397
"../../../Engine/Plugins/Animation/ControlRig/Content/Controls/ControlRig_Sphere_solid.ubulk" 398
"../../../Engine/Plugins/Animation/ControlRig/Content/Controls/ControlRig_Sphere_solid.uasset" 399
"../../../Engine/Plugins/Animation/ControlRig/Content/Controls/ControlRig_Sphere_solid.uexp" 400
"../../../Engine/Plugins/Animation/ControlRig/Content/Controls/ControlRig_Sphere_3mm.ubulk" 401
"../../../Engine/Plugins/Animation/ControlRig/Content/Controls/ControlRig_Sphere_3mm.uasset" 402
"../../../Engine/Plugins/Animation/ControlRig/Content/Controls/ControlRig_Sphere_3mm.uexp" 403
"../../../Engine/Plugins/Animation/ControlRig/Content/Controls/ControlRig_Sphere_1mm.ubulk" 404
"../../../Engine/Plugins/Animation/ControlRig/Content/Controls/ControlRig_Sphere_1mm.uasset" 405
"../../../Engine/Plugins/Animation/ControlRig/Content/Controls/ControlRig_Sphere_1mm.uexp" 406
"../../../Engine/Plugins/Animation/ControlRig/Content/Controls/ControlRig_RoundedTriangle_solid.ubulk" 407
"../../../Engine/Plugins/Animation/ControlRig/Content/Controls/ControlRig_RoundedTriangle_solid.uasset" 408
"../../../Engine/Plugins/Animation/ControlRig/Content/Controls/ControlRig_RoundedTriangle_solid.uexp" 409
"../../../Engine/Plugins/Animation/ControlRig/Content/Controls/ControlRig_RoundedTriangle_3mm.ubulk" 410
"../../../Engine/Plugins/Animation/ControlRig/Content/Controls/ControlRig_RoundedTriangle_3mm.uasset" 411
"../../../Engine/Plugins/Animation/ControlRig/Content/Controls/ControlRig_RoundedTriangle_3mm.uexp" 412
"../../../Engine/Plugins/Animation/ControlRig/Content/Controls/ControlRig_RoundedTriangle_1mm.ubulk" 413
"../../../Engine/Plugins/Animation/ControlRig/Content/Controls/ControlRig_RoundedTriangle_1mm.uasset" 414
"../../../Engine/Plugins/Animation/ControlRig/Content/Controls/ControlRig_RoundedTriangle_1mm.uexp" 415
"../../../Engine/Plugins/Animation/ControlRig/Content/Controls/ControlRig_RoundedSquare_solid.ubulk" 416
"../../../Engine/Plugins/Animation/ControlRig/Content/Controls/ControlRig_RoundedSquare_solid.uasset" 417
"../../../Engine/Plugins/Animation/ControlRig/Content/Controls/ControlRig_RoundedSquare_solid.uexp" 418
"../../../Engine/Plugins/Animation/ControlRig/Content/Controls/ControlRig_RoundedSquare_3mm.ubulk" 419
"../../../Engine/Plugins/Animation/ControlRig/Content/Controls/ControlRig_RoundedSquare_3mm.uasset" 420
"../../../Engine/Plugins/Animation/ControlRig/Content/Controls/ControlRig_RoundedSquare_3mm.uexp" 421
"../../../Engine/Plugins/Animation/ControlRig/Content/Controls/ControlRig_RoundedSquare_1mm.ubulk" 422
"../../../Engine/Plugins/Animation/ControlRig/Content/Controls/ControlRig_RoundedSquare_1mm.uasset" 423
"../../../Engine/Plugins/Animation/ControlRig/Content/Controls/ControlRig_RoundedSquare_1mm.uexp" 424
"../../../Engine/Plugins/Animation/ControlRig/Content/Controls/ControlRig_QuarterCircle_solid.ubulk" 425
"../../../Engine/Plugins/Animation/ControlRig/Content/Controls/ControlRig_QuarterCircle_solid.uasset" 426
"../../../Engine/Plugins/Animation/ControlRig/Content/Controls/ControlRig_QuarterCircle_solid.uexp" 427
"../../../Engine/Plugins/Animation/ControlRig/Content/Controls/ControlRig_QuarterCircle_3mm.ubulk" 428
"../../../Engine/Plugins/Animation/ControlRig/Content/Controls/ControlRig_QuarterCircle_3mm.uasset" 429
"../../../Engine/Plugins/Animation/ControlRig/Content/Controls/ControlRig_QuarterCircle_3mm.uexp" 430
"../../../Engine/Plugins/Animation/ControlRig/Content/Controls/ControlRig_QuarterCircle_1mm.ubulk" 431
"../../../Engine/Plugins/Animation/ControlRig/Content/Controls/ControlRig_QuarterCircle_1mm.uasset" 432
"../../../Engine/Plugins/Animation/ControlRig/Content/Controls/ControlRig_QuarterCircle_1mm.uexp" 433
"../../../Engine/Plugins/Animation/ControlRig/Content/Controls/ControlRig_Pyramid_solid.ubulk" 434
"../../../Engine/Plugins/Animation/ControlRig/Content/Controls/ControlRig_Pyramid_solid.uasset" 435
"../../../Engine/Plugins/Animation/ControlRig/Content/Controls/ControlRig_Pyramid_solid.uexp" 436
"../../../Engine/Plugins/Animation/ControlRig/Content/Controls/ControlRig_Pyramid_3mm.ubulk" 437
"../../../Engine/Plugins/Animation/ControlRig/Content/Controls/ControlRig_Pyramid_3mm.uasset" 438
"../../../Engine/Plugins/Animation/ControlRig/Content/Controls/ControlRig_Pyramid_3mm.uexp" 439
"../../../Engine/Plugins/Animation/ControlRig/Content/Controls/ControlRig_Pyramid_1mm.ubulk" 440
"../../../Engine/Plugins/Animation/ControlRig/Content/Controls/ControlRig_Pyramid_1mm.uasset" 441
"../../../Engine/Plugins/Animation/ControlRig/Content/Controls/ControlRig_Pyramid_1mm.uexp" 442
"../../../Engine/Plugins/Animation/ControlRig/Content/Controls/ControlRig_Octagon_solid.ubulk" 443
"../../../Engine/Plugins/Animation/ControlRig/Content/Controls/ControlRig_Octagon_solid.uasset" 444
"../../../Engine/Plugins/Animation/ControlRig/Content/Controls/ControlRig_Octagon_solid.uexp" 445
"../../../Engine/Plugins/Animation/ControlRig/Content/Controls/ControlRig_Octagon_3mm.ubulk" 446
"../../../Engine/Plugins/Animation/ControlRig/Content/Controls/ControlRig_Octagon_3mm.uasset" 447
"../../../Engine/Plugins/Animation/ControlRig/Content/Controls/ControlRig_Octagon_3mm.uexp" 448
"../../../Engine/Plugins/Animation/ControlRig/Content/Controls/ControlRig_Octagon_1mm.ubulk" 449
"../../../Engine/Plugins/Animation/ControlRig/Content/Controls/ControlRig_Octagon_1mm.uasset" 450
"../../../Engine/Plugins/Animation/ControlRig/Content/Controls/ControlRig_Octagon_1mm.uexp" 451
"../../../Engine/Plugins/Animation/ControlRig/Content/Controls/ControlRig_Hexagon_solid.ubulk" 452
"../../../Engine/Plugins/Animation/ControlRig/Content/Controls/ControlRig_Hexagon_solid.uasset" 453
"../../../Engine/Plugins/Animation/ControlRig/Content/Controls/ControlRig_Hexagon_solid.uexp" 454
"../../../Engine/Plugins/Animation/ControlRig/Content/Controls/ControlRig_Hexagon_3mm.ubulk" 455
"../../../Engine/Plugins/Animation/ControlRig/Content/Controls/ControlRig_Hexagon_3mm.uasset" 456
"../../../Engine/Plugins/Animation/ControlRig/Content/Controls/ControlRig_Hexagon_3mm.uexp" 457
"../../../Engine/Plugins/Animation/ControlRig/Content/Controls/ControlRig_Hexagon_1mm.ubulk" 458
"../../../Engine/Plugins/Animation/ControlRig/Content/Controls/ControlRig_Hexagon_1mm.uasset" 459
"../../../Engine/Plugins/Animation/ControlRig/Content/Controls/ControlRig_Hexagon_1mm.uexp" 460
"../../../Engine/Plugins/Animation/ControlRig/Content/Controls/ControlRig_HalfCircle_solid.ubulk" 461
"../../../Engine/Plugins/Animation/ControlRig/Content/Controls/ControlRig_HalfCircle_solid.uasset" 462
"../../../Engine/Plugins/Animation/ControlRig/Content/Controls/ControlRig_HalfCircle_solid.uexp" 463
"../../../Engine/Plugins/Animation/ControlRig/Content/Controls/ControlRig_HalfCircle_3mm.ubulk" 464
"../../../Engine/Plugins/Animation/ControlRig/Content/Controls/ControlRig_HalfCircle_3mm.uasset" 465
"../../../Engine/Plugins/Animation/ControlRig/Content/Controls/ControlRig_HalfCircle_3mm.uexp" 466
"../../../Engine/Plugins/Animation/ControlRig/Content/Controls/ControlRig_HalfCircle_1mm.ubulk" 467
"../../../Engine/Plugins/Animation/ControlRig/Content/Controls/ControlRig_HalfCircle_1mm.uasset" 468
"../../../Engine/Plugins/Animation/ControlRig/Content/Controls/ControlRig_HalfCircle_1mm.uexp" 469
"../../../Engine/Plugins/Animation/ControlRig/Content/Controls/ControlRig_Diamond_solid.ubulk" 470
"../../../Engine/Plugins/Animation/ControlRig/Content/Controls/ControlRig_Diamond_solid.uasset" 471
"../../../Engine/Plugins/Animation/ControlRig/Content/Controls/ControlRig_Diamond_solid.uexp" 472
"../../../Engine/Plugins/Animation/ControlRig/Content/Controls/ControlRig_Diamond_3mm.ubulk" 473
"../../../Engine/Plugins/Animation/ControlRig/Content/Controls/ControlRig_Diamond_3mm.uasset" 474
"../../../Engine/Plugins/Animation/ControlRig/Content/Controls/ControlRig_Diamond_3mm.uexp" 475
"../../../Engine/Plugins/Animation/ControlRig/Content/Controls/ControlRig_Diamond_1mm.ubulk" 476
"../../../Engine/Plugins/Animation/ControlRig/Content/Controls/ControlRig_Diamond_1mm.uasset" 477
"../../../Engine/Plugins/Animation/ControlRig/Content/Controls/ControlRig_Diamond_1mm.uexp" 478
"../../../Engine/Plugins/Animation/ControlRig/Content/Controls/ControlRig_Circle_solid.ubulk" 479
"../../../Engine/Plugins/Animation/ControlRig/Content/Controls/ControlRig_Circle_solid.uasset" 480
"../../../Engine/Plugins/Animation/ControlRig/Content/Controls/ControlRig_Circle_solid.uexp" 481
"../../../Engine/Plugins/Animation/ControlRig/Content/Controls/ControlRig_Circle_3mm.ubulk" 482
"../../../Engine/Plugins/Animation/ControlRig/Content/Controls/ControlRig_Circle_3mm.uasset" 483
"../../../Engine/Plugins/Animation/ControlRig/Content/Controls/ControlRig_Circle_3mm.uexp" 484
"../../../Engine/Plugins/Animation/ControlRig/Content/Controls/ControlRig_Circle_1mm.ubulk" 485
"../../../Engine/Plugins/Animation/ControlRig/Content/Controls/ControlRig_Circle_1mm.uasset" 486
"../../../Engine/Plugins/Animation/ControlRig/Content/Controls/ControlRig_Circle_1mm.uexp" 487
"../../../Engine/Plugins/Animation/ControlRig/Content/Controls/ControlRig_Box_solid.ubulk" 488
"../../../Engine/Plugins/Animation/ControlRig/Content/Controls/ControlRig_Box_solid.uasset" 489
"../../../Engine/Plugins/Animation/ControlRig/Content/Controls/ControlRig_Box_solid.uexp" 490
"../../../Engine/Plugins/Animation/ControlRig/Content/Controls/ControlRig_Box_3mm.ubulk" 491
"../../../Engine/Plugins/Animation/ControlRig/Content/Controls/ControlRig_Box_3mm.uasset" 492
"../../../Engine/Plugins/Animation/ControlRig/Content/Controls/ControlRig_Box_3mm.uexp" 493
"../../../Engine/Plugins/Animation/ControlRig/Content/Controls/ControlRig_Box_1mm.ubulk" 494
"../../../Engine/Plugins/Animation/ControlRig/Content/Controls/ControlRig_Box_1mm.uasset" 495
"../../../Engine/Plugins/Animation/ControlRig/Content/Controls/ControlRig_Box_1mm.uexp" 496
"../../../Engine/Plugins/Animation/ControlRig/Content/Controls/ControlRig_Arrow_solid.ubulk" 497
"../../../Engine/Plugins/Animation/ControlRig/Content/Controls/ControlRig_Arrow_solid.uasset" 498
"../../../Engine/Plugins/Animation/ControlRig/Content/Controls/ControlRig_Arrow_solid.uexp" 499
"../../../Engine/Plugins/Animation/ControlRig/Content/Controls/ControlRig_Arrow_3mm.ubulk" 500
"../../../Engine/Plugins/Animation/ControlRig/Content/Controls/ControlRig_Arrow_3mm.uasset" 501
"../../../Engine/Plugins/Animation/ControlRig/Content/Controls/ControlRig_Arrow_3mm.uexp" 502
"../../../Engine/Plugins/Animation/ControlRig/Content/Controls/ControlRig_Arrow_1mm.ubulk" 503
"../../../Engine/Plugins/Animation/ControlRig/Content/Controls/ControlRig_Arrow_1mm.uasset" 504
"../../../Engine/Plugins/Animation/ControlRig/Content/Controls/ControlRig_Arrow_1mm.uexp" 505
"../../../Engine/Plugins/Animation/ControlRig/Content/Controls/ControlRig_Arrow4_solid.ubulk" 506
"../../../Engine/Plugins/Animation/ControlRig/Content/Controls/ControlRig_Arrow4_solid.uasset" 507
"../../../Engine/Plugins/Animation/ControlRig/Content/Controls/ControlRig_Arrow4_solid.uexp" 508
"../../../Engine/Plugins/Animation/ControlRig/Content/Controls/ControlRig_Arrow4_3mm.ubulk" 509
"../../../Engine/Plugins/Animation/ControlRig/Content/Controls/ControlRig_Arrow4_3mm.uasset" 510
"../../../Engine/Plugins/Animation/ControlRig/Content/Controls/ControlRig_Arrow4_3mm.uexp" 511
"../../../Engine/Plugins/Animation/ControlRig/Content/Controls/ControlRig_Arrow4_1mm.ubulk" 512
"../../../Engine/Plugins/Animation/ControlRig/Content/Controls/ControlRig_Arrow4_1mm.uasset" 513
"../../../Engine/Plugins/Animation/ControlRig/Content/Controls/ControlRig_Arrow4_1mm.uexp" 514
"../../../Engine/Plugins/Animation/ControlRig/Content/Controls/ControlRig_Arrow2_solid.ubulk" 515
"../../../Engine/Plugins/Animation/ControlRig/Content/Controls/ControlRig_Arrow2_solid.uasset" 516
"../../../Engine/Plugins/Animation/ControlRig/Content/Controls/ControlRig_Arrow2_solid.uexp" 517
"../../../Engine/Plugins/Animation/ControlRig/Content/Controls/ControlRig_Arrow2_3mm.ubulk" 518
"../../../Engine/Plugins/Animation/ControlRig/Content/Controls/ControlRig_Arrow2_3mm.uasset" 519
"../../../Engine/Plugins/Animation/ControlRig/Content/Controls/ControlRig_Arrow2_3mm.uexp" 520
"../../../Engine/Plugins/Animation/ControlRig/Content/Controls/ControlRig_Arrow2_1mm.ubulk" 521
"../../../Engine/Plugins/Animation/ControlRig/Content/Controls/ControlRig_Arrow2_1mm.uasset" 522
"../../../Engine/Plugins/Animation/ControlRig/Content/Controls/ControlRig_Arrow2_1mm.uexp" 523
"../../../Engine/Plugins/Animation/ControlRig/Content/Controls/ControlRigGizmoMaterial.uasset" 524
"../../../Engine/Plugins/Animation/ControlRig/Content/Controls/ControlRigGizmoMaterial.uexp" 525
"../../../Engine/Plugins/Editor/SpeedTreeImporter/Content/SpeedTree9/game_wind_noise.ubulk" 526
"../../../Engine/Plugins/Editor/SpeedTreeImporter/Content/SpeedTree9/game_wind_noise.uasset" 527
"../../../Engine/Plugins/Editor/SpeedTreeImporter/Content/SpeedTree9/game_wind_noise.uexp" 528
"../../../Engine/Plugins/Editor/SpeedTreeImporter/Content/SpeedTree9/UnpackDirection.uasset" 529
"../../../Engine/Plugins/Editor/SpeedTreeImporter/Content/SpeedTree9/UnpackDirection.uexp" 530
"../../../Engine/Content/Functions/Engine_MaterialFunctions02/ObjectLocalBounds.uasset" 531
"../../../Engine/Content/Functions/Engine_MaterialFunctions02/ObjectLocalBounds.uexp" 532
"../../../Engine/Content/Functions/Engine_MaterialFunctions02/UVs/BoundingBoxBased_0-1_UVW.uasset" 533
"../../../Engine/Content/Functions/Engine_MaterialFunctions02/UVs/BoundingBoxBased_0-1_UVW.uexp" 534
"../../../Engine/Content/Functions/Engine_MaterialFunctions02/Utility/VectorLength.uasset" 535
"../../../Engine/Content/Functions/Engine_MaterialFunctions02/Utility/VectorLength.uexp" 536
"../../../Engine/Plugins/Editor/SpeedTreeImporter/Content/SpeedTree9/UnpackInteger3.uasset" 537
"../../../Engine/Plugins/Editor/SpeedTreeImporter/Content/SpeedTree9/UnpackInteger3.uexp" 538
"../../../Engine/Plugins/Editor/SpeedTreeImporter/Content/SpeedTree9/SpeedTreeCameraFacing.uasset" 539
"../../../Engine/Plugins/Editor/SpeedTreeImporter/Content/SpeedTree9/SpeedTreeCameraFacing.uexp" 540
"../../../Engine/Content/Functions/Engine_MaterialFunctions02/WorldPositionOffset/ObjectScale.uasset" 541
"../../../Engine/Content/Functions/Engine_MaterialFunctions02/WorldPositionOffset/ObjectScale.uexp" 542
"../../../Engine/Content/Functions/Engine_MaterialFunctions02/SafeNormalize.uasset" 543
"../../../Engine/Content/Functions/Engine_MaterialFunctions02/SafeNormalize.uexp" 544
"../../../Engine/Plugins/Editor/SpeedTreeImporter/Content/SpeedTree9/SpeedTreeWindMotion.uasset" 545
"../../../Engine/Plugins/Editor/SpeedTreeImporter/Content/SpeedTree9/SpeedTreeWindMotion.uexp" 546
"../../../Engine/Plugins/Editor/SpeedTreeImporter/Content/SpeedTree9/SpeedTreeBranchMotion.uasset" 547
"../../../Engine/Plugins/Editor/SpeedTreeImporter/Content/SpeedTree9/SpeedTreeBranchMotion.uexp" 548
"../../../Engine/Plugins/Editor/SpeedTreeImporter/Content/SpeedTree9/SpeedTreeWind.uasset" 549
"../../../Engine/Plugins/Editor/SpeedTreeImporter/Content/SpeedTree9/SpeedTreeWind.uexp" 550
"../../../Engine/Plugins/Editor/SpeedTreeImporter/Content/SpeedTree9/EmptyNormal.uasset" 551
"../../../Engine/Plugins/Editor/SpeedTreeImporter/Content/SpeedTree9/EmptyNormal.uexp" 552
"../../../Engine/Plugins/Editor/SpeedTreeImporter/Content/SpeedTree9/Empty.uasset" 553
"../../../Engine/Plugins/Editor/SpeedTreeImporter/Content/SpeedTree9/Empty.uexp" 554
"../../../Engine/Plugins/Editor/SpeedTreeImporter/Content/SpeedTree9/SpeedTreeMaster.uasset" 555
"../../../Engine/Plugins/Editor/SpeedTreeImporter/Content/SpeedTree9/SpeedTreeMaster.uexp" 556
"../../../Engine/Plugins/Editor/SpeedTreeImporter/Content/SpeedTree9/SpeedTreeBillboard.uasset" 557
"../../../Engine/Plugins/Editor/SpeedTreeImporter/Content/SpeedTree9/SpeedTreeBillboard.uexp" 558
"../../../Engine/Plugins/Editor/SpeedTreeImporter/Content/SpeedTree9/SpeedTreeBillboardMaster.uasset" 559
"../../../Engine/Plugins/Editor/SpeedTreeImporter/Content/SpeedTree9/SpeedTreeBillboardMaster.uexp" 560
"../../../Engine/Plugins/Runtime/HairStrands/Content/Materials/HairMeshesDefaultMaterial.uasset" 561
"../../../Engine/Plugins/Runtime/HairStrands/Content/Materials/HairMeshesDefaultMaterial.uexp" 562
"../../../Engine/Plugins/Runtime/HairStrands/Content/Materials/HairDefaultMaterial.uasset" 563
"../../../Engine/Plugins/Runtime/HairStrands/Content/Materials/HairDefaultMaterial.uexp" 564
"../../../Engine/Plugins/Runtime/HairStrands/Content/Materials/HairGroupColors.uasset" 565
"../../../Engine/Plugins/Runtime/HairStrands/Content/Materials/HairGroupColors.uexp" 566
"../../../Engine/Content/EngineMaterials/HairColorMap.uasset" 567
"../../../Engine/Content/EngineMaterials/HairColorMap.uexp" 568
"../../../Engine/Content/EngineMaterials/HairDebugColor.uasset" 569
"../../../Engine/Content/EngineMaterials/HairDebugColor.uexp" 570
"../../../Engine/Plugins/Runtime/HairStrands/Content/Materials/HairDebugMaterial.uasset" 571
"../../../Engine/Plugins/Runtime/HairStrands/Content/Materials/HairDebugMaterial.uexp" 572
"../../../Engine/Plugins/Runtime/HairStrands/Content/Materials/HairCardsDefaultMaterial.uasset" 573
"../../../Engine/Plugins/Runtime/HairStrands/Content/Materials/HairCardsDefaultMaterial.uexp" 574
"C:/Users/zakst/OneDrive/Documents/Skole/Produksjon/MintyTiger1/Content/Assets/test_plant__1_.ubulk" 575
"C:/Users/zakst/OneDrive/Documents/Skole/Produksjon/MintyTiger1/Content/Assets/test_plant__1_.uasset" 576
"C:/Users/zakst/OneDrive/Documents/Skole/Produksjon/MintyTiger1/Content/Assets/test_plant__1_.uexp" 577
"C:/Users/zakst/OneDrive/Documents/Skole/Produksjon/MintyTiger1/Content/Assets/TableUV3.ubulk" 578
"C:/Users/zakst/OneDrive/Documents/Skole/Produksjon/MintyTiger1/Content/Assets/TableUV3.uasset" 579
"C:/Users/zakst/OneDrive/Documents/Skole/Produksjon/MintyTiger1/Content/Assets/TableUV3.uexp" 580
"C:/Users/zakst/OneDrive/Documents/Skole/Produksjon/MintyTiger1/Content/Assets/Shelf_pasted__pasted__pasted__pCube1.ubulk" 581
"C:/Users/zakst/OneDrive/Documents/Skole/Produksjon/MintyTiger1/Content/Assets/Shelf_pasted__pasted__pasted__pCube1.uasset" 582
"C:/Users/zakst/OneDrive/Documents/Skole/Produksjon/MintyTiger1/Content/Assets/Shelf_pasted__pasted__pasted__pCube1.uexp" 583
"C:/Users/zakst/OneDrive/Documents/Skole/Produksjon/MintyTiger1/Content/Assets/Shelf2_pasted__pasted__pasted__pCube3.ubulk" 584
"C:/Users/zakst/OneDrive/Documents/Skole/Produksjon/MintyTiger1/Content/Assets/Shelf2_pasted__pasted__pasted__pCube3.uasset" 585
"C:/Users/zakst/OneDrive/Documents/Skole/Produksjon/MintyTiger1/Content/Assets/Shelf2_pasted__pasted__pasted__pCube3.uexp" 586
"C:/Users/zakst/OneDrive/Documents/Skole/Produksjon/MintyTiger1/Content/Assets/Shelf2_pasted__pasted__pasted__pCube2.ubulk" 587
"C:/Users/zakst/OneDrive/Documents/Skole/Produksjon/MintyTiger1/Content/Assets/Shelf2_pasted__pasted__pasted__pCube2.uasset" 588
"C:/Users/zakst/OneDrive/Documents/Skole/Produksjon/MintyTiger1/Content/Assets/Shelf2_pasted__pasted__pasted__pCube2.uexp" 589
"C:/Users/zakst/OneDrive/Documents/Skole/Produksjon/MintyTiger1/Content/Assets/Shelf2UV.ubulk" 590
"C:/Users/zakst/OneDrive/Documents/Skole/Produksjon/MintyTiger1/Content/Assets/Shelf2UV.uasset" 591
"C:/Users/zakst/OneDrive/Documents/Skole/Produksjon/MintyTiger1/Content/Assets/Shelf2UV.uexp" 592
"C:/Users/zakst/OneDrive/Documents/Skole/Produksjon/MintyTiger1/Content/Assets/scroll1_pPlane1.ubulk" 593
"C:/Users/zakst/OneDrive/Documents/Skole/Produksjon/MintyTiger1/Content/Assets/scroll1_pPlane1.uasset" 594
"C:/Users/zakst/OneDrive/Documents/Skole/Produksjon/MintyTiger1/Content/Assets/scroll1_pPlane1.uexp" 595
"C:/Users/zakst/OneDrive/Documents/Skole/Produksjon/MintyTiger1/Content/Assets/Chair_Chair.ubulk" 596
"C:/Users/zakst/OneDrive/Documents/Skole/Produksjon/MintyTiger1/Content/Assets/Chair_Chair.uasset" 597
"C:/Users/zakst/OneDrive/Documents/Skole/Produksjon/MintyTiger1/Content/Assets/Chair_Chair.uexp" 598
"C:/Users/zakst/OneDrive/Documents/Skole/Produksjon/MintyTiger1/Content/Assets/BoxesUV_pCylinder1.ubulk" 599
"C:/Users/zakst/OneDrive/Documents/Skole/Produksjon/MintyTiger1/Content/Assets/BoxesUV_pCylinder1.uasset" 600
"C:/Users/zakst/OneDrive/Documents/Skole/Produksjon/MintyTiger1/Content/Assets/BoxesUV_pCylinder1.uexp" 601
"C:/Users/zakst/OneDrive/Documents/Skole/Produksjon/MintyTiger1/Content/Assets/BoxesUV_pasted__pCylinder11.ubulk" 602
"C:/Users/zakst/OneDrive/Documents/Skole/Produksjon/MintyTiger1/Content/Assets/BoxesUV_pasted__pCylinder11.uasset" 603
"C:/Users/zakst/OneDrive/Documents/Skole/Produksjon/MintyTiger1/Content/Assets/BoxesUV_pasted__pCylinder11.uexp" 604
"C:/Users/zakst/OneDrive/Documents/Skole/Produksjon/MintyTiger1/Content/Assets/BoxesUV_pasted__pCylinder1.ubulk" 605
"C:/Users/zakst/OneDrive/Documents/Skole/Produksjon/MintyTiger1/Content/Assets/BoxesUV_pasted__pCylinder1.uasset" 606
"C:/Users/zakst/OneDrive/Documents/Skole/Produksjon/MintyTiger1/Content/Assets/BoxesUV_pasted__pCylinder1.uexp" 607
"C:/Users/zakst/OneDrive/Documents/Skole/Produksjon/MintyTiger1/Content/Assets/Bottles/AllTheBottle_pasted__pSphere12.ubulk" 608
"C:/Users/zakst/OneDrive/Documents/Skole/Produksjon/MintyTiger1/Content/Assets/Bottles/AllTheBottle_pasted__pSphere12.uasset" 609
"C:/Users/zakst/OneDrive/Documents/Skole/Produksjon/MintyTiger1/Content/Assets/Bottles/AllTheBottle_pasted__pSphere12.uexp" 610
"C:/Users/zakst/OneDrive/Documents/Skole/Produksjon/MintyTiger1/Content/Assets/Bottles/AllTheBottle_pasted__pSphere1.ubulk" 611
"C:/Users/zakst/OneDrive/Documents/Skole/Produksjon/MintyTiger1/Content/Assets/Bottles/AllTheBottle_pasted__pSphere1.uasset" 612
"C:/Users/zakst/OneDrive/Documents/Skole/Produksjon/MintyTiger1/Content/Assets/Bottles/AllTheBottle_pasted__pSphere1.uexp" 613
"C:/Users/zakst/OneDrive/Documents/Skole/Produksjon/MintyTiger1/Content/Assets/Bottles/AllTheBottle_pasted__pCube11.ubulk" 614
"C:/Users/zakst/OneDrive/Documents/Skole/Produksjon/MintyTiger1/Content/Assets/Bottles/AllTheBottle_pasted__pCube11.uasset" 615
"C:/Users/zakst/OneDrive/Documents/Skole/Produksjon/MintyTiger1/Content/Assets/Bottles/AllTheBottle_pasted__pCube11.uexp" 616
"C:/Users/zakst/OneDrive/Documents/Skole/Produksjon/MintyTiger1/Content/Assets/Books/book2.ubulk" 617
"C:/Users/zakst/OneDrive/Documents/Skole/Produksjon/MintyTiger1/Content/Assets/Books/book2.uasset" 618
"C:/Users/zakst/OneDrive/Documents/Skole/Produksjon/MintyTiger1/Content/Assets/Books/book2.uexp" 619
"C:/Users/zakst/OneDrive/Documents/Skole/Produksjon/MintyTiger1/Content/Assets/Books/book1.ubulk" 620
"C:/Users/zakst/OneDrive/Documents/Skole/Produksjon/MintyTiger1/Content/Assets/Books/book1.uasset" 621
"C:/Users/zakst/OneDrive/Documents/Skole/Produksjon/MintyTiger1/Content/Assets/Books/book1.uexp" 622
"C:/Users/zakst/OneDrive/Documents/Skole/Produksjon/MintyTiger1/Content/Assets/TexturesMaterials/T_Table_BC.ubulk" 623
"C:/Users/zakst/OneDrive/Documents/Skole/Produksjon/MintyTiger1/Content/Assets/TexturesMaterials/T_Table_BC.uasset" 624
"C:/Users/zakst/OneDrive/Documents/Skole/Produksjon/MintyTiger1/Content/Assets/TexturesMaterials/T_Table_BC.uexp" 625
"C:/Users/zakst/OneDrive/Documents/Skole/Produksjon/MintyTiger1/Content/Assets/TexturesMaterials/Mat_Table.uasset" 626
"C:/Users/zakst/OneDrive/Documents/Skole/Produksjon/MintyTiger1/Content/Assets/TexturesMaterials/Mat_Table.uexp" 627
"C:/Users/zakst/OneDrive/Documents/Skole/Produksjon/MintyTiger1/Content/Assets/TexturesMaterials/T_SmallSH_BC.ubulk" 628
"C:/Users/zakst/OneDrive/Documents/Skole/Produksjon/MintyTiger1/Content/Assets/TexturesMaterials/T_SmallSH_BC.uasset" 629
"C:/Users/zakst/OneDrive/Documents/Skole/Produksjon/MintyTiger1/Content/Assets/TexturesMaterials/T_SmallSH_BC.uexp" 630
"C:/Users/zakst/OneDrive/Documents/Skole/Produksjon/MintyTiger1/Content/Assets/TexturesMaterials/T_SmallSH_R.ubulk" 631
"C:/Users/zakst/OneDrive/Documents/Skole/Produksjon/MintyTiger1/Content/Assets/TexturesMaterials/T_SmallSH_R.uasset" 632
"C:/Users/zakst/OneDrive/Documents/Skole/Produksjon/MintyTiger1/Content/Assets/TexturesMaterials/T_SmallSH_R.uexp" 633
"C:/Users/zakst/OneDrive/Documents/Skole/Produksjon/MintyTiger1/Content/Assets/TexturesMaterials/T_SmallSH_MT.ubulk" 634
"C:/Users/zakst/OneDrive/Documents/Skole/Produksjon/MintyTiger1/Content/Assets/TexturesMaterials/T_SmallSH_MT.uasset" 635
"C:/Users/zakst/OneDrive/Documents/Skole/Produksjon/MintyTiger1/Content/Assets/TexturesMaterials/T_SmallSH_MT.uexp" 636
"C:/Users/zakst/OneDrive/Documents/Skole/Produksjon/MintyTiger1/Content/Assets/TexturesMaterials/Mat_Shelf.uasset" 637
"C:/Users/zakst/OneDrive/Documents/Skole/Produksjon/MintyTiger1/Content/Assets/TexturesMaterials/Mat_Shelf.uexp" 638
"C:/Users/zakst/OneDrive/Documents/Skole/Produksjon/MintyTiger1/Content/Assets/TexturesMaterials/T_Scroll_BC.ubulk" 639
"C:/Users/zakst/OneDrive/Documents/Skole/Produksjon/MintyTiger1/Content/Assets/TexturesMaterials/T_Scroll_BC.uasset" 640
"C:/Users/zakst/OneDrive/Documents/Skole/Produksjon/MintyTiger1/Content/Assets/TexturesMaterials/T_Scroll_BC.uexp" 641
"C:/Users/zakst/OneDrive/Documents/Skole/Produksjon/MintyTiger1/Content/Assets/TexturesMaterials/Mat_Scroll.uasset" 642
"C:/Users/zakst/OneDrive/Documents/Skole/Produksjon/MintyTiger1/Content/Assets/TexturesMaterials/Mat_Scroll.uexp" 643
"C:/Users/zakst/OneDrive/Documents/Skole/Produksjon/MintyTiger1/Content/Assets/TexturesMaterials/T_ChairRoughness.ubulk" 644
"C:/Users/zakst/OneDrive/Documents/Skole/Produksjon/MintyTiger1/Content/Assets/TexturesMaterials/T_ChairRoughness.uasset" 645
"C:/Users/zakst/OneDrive/Documents/Skole/Produksjon/MintyTiger1/Content/Assets/TexturesMaterials/T_ChairRoughness.uexp" 646
"C:/Users/zakst/OneDrive/Documents/Skole/Produksjon/MintyTiger1/Content/Assets/TexturesMaterials/T_ChairBaseColour.ubulk" 647
"C:/Users/zakst/OneDrive/Documents/Skole/Produksjon/MintyTiger1/Content/Assets/TexturesMaterials/T_ChairBaseColour.uasset" 648
"C:/Users/zakst/OneDrive/Documents/Skole/Produksjon/MintyTiger1/Content/Assets/TexturesMaterials/T_ChairBaseColour.uexp" 649
"C:/Users/zakst/OneDrive/Documents/Skole/Produksjon/MintyTiger1/Content/Assets/TexturesMaterials/T_ChairMetallic.ubulk" 650
"C:/Users/zakst/OneDrive/Documents/Skole/Produksjon/MintyTiger1/Content/Assets/TexturesMaterials/T_ChairMetallic.uasset" 651
"C:/Users/zakst/OneDrive/Documents/Skole/Produksjon/MintyTiger1/Content/Assets/TexturesMaterials/T_ChairMetallic.uexp" 652
"C:/Users/zakst/OneDrive/Documents/Skole/Produksjon/MintyTiger1/Content/Assets/TexturesMaterials/Mat_Chair.uasset" 653
"C:/Users/zakst/OneDrive/Documents/Skole/Produksjon/MintyTiger1/Content/Assets/TexturesMaterials/Mat_Chair.uexp" 654
"C:/Users/zakst/OneDrive/Documents/Skole/Produksjon/MintyTiger1/Content/Assets/TexturesMaterials/T_BookSH_MT.ubulk" 655
"C:/Users/zakst/OneDrive/Documents/Skole/Produksjon/MintyTiger1/Content/Assets/TexturesMaterials/T_BookSH_MT.uasset" 656
"C:/Users/zakst/OneDrive/Documents/Skole/Produksjon/MintyTiger1/Content/Assets/TexturesMaterials/T_BookSH_MT.uexp" 657
"C:/Users/zakst/OneDrive/Documents/Skole/Produksjon/MintyTiger1/Content/Assets/TexturesMaterials/T_BookSH_BC.ubulk" 658
"C:/Users/zakst/OneDrive/Documents/Skole/Produksjon/MintyTiger1/Content/Assets/TexturesMaterials/T_BookSH_BC.uasset" 659
"C:/Users/zakst/OneDrive/Documents/Skole/Produksjon/MintyTiger1/Content/Assets/TexturesMaterials/T_BookSH_BC.uexp" 660
"C:/Users/zakst/OneDrive/Documents/Skole/Produksjon/MintyTiger1/Content/Assets/TexturesMaterials/T_BookSH_R.ubulk" 661
"C:/Users/zakst/OneDrive/Documents/Skole/Produksjon/MintyTiger1/Content/Assets/TexturesMaterials/T_BookSH_R.uasset" 662
"C:/Users/zakst/OneDrive/Documents/Skole/Produksjon/MintyTiger1/Content/Assets/TexturesMaterials/T_BookSH_R.uexp" 663
"C:/Users/zakst/OneDrive/Documents/Skole/Produksjon/MintyTiger1/Content/Assets/TexturesMaterials/Mat_BookShelf.uasset" 664
"C:/Users/zakst/OneDrive/Documents/Skole/Produksjon/MintyTiger1/Content/Assets/TexturesMaterials/Mat_BookShelf.uexp" 665
"C:/Users/zakst/OneDrive/Documents/Skole/Produksjon/MintyTiger1/Content/Assets/TexturesMaterials/T_Book2_LightBrown_BC.ubulk" 666
"C:/Users/zakst/OneDrive/Documents/Skole/Produksjon/MintyTiger1/Content/Assets/TexturesMaterials/T_Book2_LightBrown_BC.uasset" 667
"C:/Users/zakst/OneDrive/Documents/Skole/Produksjon/MintyTiger1/Content/Assets/TexturesMaterials/T_Book2_LightBrown_BC.uexp" 668
"C:/Users/zakst/OneDrive/Documents/Skole/Produksjon/MintyTiger1/Content/Assets/TexturesMaterials/Mat_Book2_Brown.uasset" 669
"C:/Users/zakst/OneDrive/Documents/Skole/Produksjon/MintyTiger1/Content/Assets/TexturesMaterials/Mat_Book2_Brown.uexp" 670
"C:/Users/zakst/OneDrive/Documents/Skole/Produksjon/MintyTiger1/Content/Assets/TexturesMaterials/T_book4_Red_BC.uasset" 671
"C:/Users/zakst/OneDrive/Documents/Skole/Produksjon/MintyTiger1/Content/Assets/TexturesMaterials/T_book4_Red_BC.uexp" 672
"C:/Users/zakst/OneDrive/Documents/Skole/Produksjon/MintyTiger1/Content/Assets/TexturesMaterials/Mat_Book1_Red2.uasset" 673
"C:/Users/zakst/OneDrive/Documents/Skole/Produksjon/MintyTiger1/Content/Assets/TexturesMaterials/Mat_Book1_Red2.uexp" 674
"C:/Users/zakst/OneDrive/Documents/Skole/Produksjon/MintyTiger1/Content/Assets/TexturesMaterials/T_book1_Red_BC.uasset" 675
"C:/Users/zakst/OneDrive/Documents/Skole/Produksjon/MintyTiger1/Content/Assets/TexturesMaterials/T_book1_Red_BC.uexp" 676
"C:/Users/zakst/OneDrive/Documents/Skole/Produksjon/MintyTiger1/Content/Assets/TexturesMaterials/Mat_Book1_Red.uasset" 677
"C:/Users/zakst/OneDrive/Documents/Skole/Produksjon/MintyTiger1/Content/Assets/TexturesMaterials/Mat_Book1_Red.uexp" 678
"C:/Users/zakst/OneDrive/Documents/Skole/Produksjon/MintyTiger1/Content/Assets/TexturesMaterials/T_Book4_Brown_BC.uasset" 679
"C:/Users/zakst/OneDrive/Documents/Skole/Produksjon/MintyTiger1/Content/Assets/TexturesMaterials/T_Book4_Brown_BC.uexp" 680
"C:/Users/zakst/OneDrive/Documents/Skole/Produksjon/MintyTiger1/Content/Assets/TexturesMaterials/Mat_Book1_Brown5.uasset" 681
"C:/Users/zakst/OneDrive/Documents/Skole/Produksjon/MintyTiger1/Content/Assets/TexturesMaterials/Mat_Book1_Brown5.uexp" 682
"C:/Users/zakst/OneDrive/Documents/Skole/Produksjon/MintyTiger1/Content/Assets/TexturesMaterials/T_Book4_Brown2.ubulk" 683
"C:/Users/zakst/OneDrive/Documents/Skole/Produksjon/MintyTiger1/Content/Assets/TexturesMaterials/T_Book4_Brown2.uasset" 684
"C:/Users/zakst/OneDrive/Documents/Skole/Produksjon/MintyTiger1/Content/Assets/TexturesMaterials/T_Book4_Brown2.uexp" 685
"C:/Users/zakst/OneDrive/Documents/Skole/Produksjon/MintyTiger1/Content/Assets/TexturesMaterials/Mat_Book1_Brown4.uasset" 686
"C:/Users/zakst/OneDrive/Documents/Skole/Produksjon/MintyTiger1/Content/Assets/TexturesMaterials/Mat_Book1_Brown4.uexp" 687
"C:/Users/zakst/OneDrive/Documents/Skole/Produksjon/MintyTiger1/Content/Assets/TexturesMaterials/T_book1_Brown_BC.uasset" 688
"C:/Users/zakst/OneDrive/Documents/Skole/Produksjon/MintyTiger1/Content/Assets/TexturesMaterials/T_book1_Brown_BC.uexp" 689
"C:/Users/zakst/OneDrive/Documents/Skole/Produksjon/MintyTiger1/Content/Assets/TexturesMaterials/Mat_Book1_Brown.uasset" 690
"C:/Users/zakst/OneDrive/Documents/Skole/Produksjon/MintyTiger1/Content/Assets/TexturesMaterials/Mat_Book1_Brown.uexp" 691
"C:/Users/zakst/OneDrive/Documents/Skole/Produksjon/MintyTiger1/Content/Assets/TexturesMaterials/T_book1_Blue_BC.uasset" 692
"C:/Users/zakst/OneDrive/Documents/Skole/Produksjon/MintyTiger1/Content/Assets/TexturesMaterials/T_book1_Blue_BC.uexp" 693
"C:/Users/zakst/OneDrive/Documents/Skole/Produksjon/MintyTiger1/Content/Assets/TexturesMaterials/Mat_Book1_Blue.uasset" 694
"C:/Users/zakst/OneDrive/Documents/Skole/Produksjon/MintyTiger1/Content/Assets/TexturesMaterials/Mat_Book1_Blue.uexp" 695
"C:/Users/zakst/OneDrive/Documents/Skole/Produksjon/MintyTiger1/Content/Assets/TexturesMaterials/T_All-The-Bottles_BC.ubulk" 696
"C:/Users/zakst/OneDrive/Documents/Skole/Produksjon/MintyTiger1/Content/Assets/TexturesMaterials/T_All-The-Bottles_BC.uasset" 697
"C:/Users/zakst/OneDrive/Documents/Skole/Produksjon/MintyTiger1/Content/Assets/TexturesMaterials/T_All-The-Bottles_BC.uexp" 698
"C:/Users/zakst/OneDrive/Documents/Skole/Produksjon/MintyTiger1/Content/Assets/TexturesMaterials/T_All-The-Bottels_R.ubulk" 699
"C:/Users/zakst/OneDrive/Documents/Skole/Produksjon/MintyTiger1/Content/Assets/TexturesMaterials/T_All-The-Bottels_R.uasset" 700
"C:/Users/zakst/OneDrive/Documents/Skole/Produksjon/MintyTiger1/Content/Assets/TexturesMaterials/T_All-The-Bottels_R.uexp" 701
"C:/Users/zakst/OneDrive/Documents/Skole/Produksjon/MintyTiger1/Content/Assets/TexturesMaterials/T_All-The-Bottles_M.ubulk" 702
"C:/Users/zakst/OneDrive/Documents/Skole/Produksjon/MintyTiger1/Content/Assets/TexturesMaterials/T_All-The-Bottles_M.uasset" 703
"C:/Users/zakst/OneDrive/Documents/Skole/Produksjon/MintyTiger1/Content/Assets/TexturesMaterials/T_All-The-Bottles_M.uexp" 704
"C:/Users/zakst/OneDrive/Documents/Skole/Produksjon/MintyTiger1/Content/Assets/TexturesMaterials/Mat_AllTheBottles.uasset" 705
"C:/Users/zakst/OneDrive/Documents/Skole/Produksjon/MintyTiger1/Content/Assets/TexturesMaterials/Mat_AllTheBottles.uexp" 706
"C:/Users/zakst/OneDrive/Documents/Skole/Produksjon/MintyTiger1/Content/StarterContent/Materials/M_Basic_Wall.uasset" 707
"C:/Users/zakst/OneDrive/Documents/Skole/Produksjon/MintyTiger1/Content/StarterContent/Materials/M_Basic_Wall.uexp" 708
"C:/Users/zakst/OneDrive/Documents/Skole/Produksjon/MintyTiger1/Content/StarterContent/Architecture/Wall_400x200.ubulk" 709
"C:/Users/zakst/OneDrive/Documents/Skole/Produksjon/MintyTiger1/Content/StarterContent/Architecture/Wall_400x200.uasset" 710
"C:/Users/zakst/OneDrive/Documents/Skole/Produksjon/MintyTiger1/Content/StarterContent/Architecture/Wall_400x200.uexp" 711
"C:/Users/zakst/OneDrive/Documents/Skole/Produksjon/MintyTiger1/Content/StarterContent/Props/MaterialSphere.ubulk" 712
"C:/Users/zakst/OneDrive/Documents/Skole/Produksjon/MintyTiger1/Content/StarterContent/Props/MaterialSphere.uasset" 713
"C:/Users/zakst/OneDrive/Documents/Skole/Produksjon/MintyTiger1/Content/StarterContent/Props/MaterialSphere.uexp" 714
"C:/Users/zakst/OneDrive/Documents/Skole/Produksjon/MintyTiger1/Content/Characters/Fairy_RootBone/Fairy_PhysicsAsset.uasset" 715
"C:/Users/zakst/OneDrive/Documents/Skole/Produksjon/MintyTiger1/Content/Characters/Fairy_RootBone/Fairy_PhysicsAsset.uexp" 716
"C:/Users/zakst/OneDrive/Documents/Skole/Produksjon/MintyTiger1/Content/Characters/Fairy_RootBone/Fairy_Skeleton.uasset" 717
"C:/Users/zakst/OneDrive/Documents/Skole/Produksjon/MintyTiger1/Content/Characters/Fairy_RootBone/Fairy_Skeleton.uexp" 718
"C:/Users/zakst/OneDrive/Documents/Skole/Produksjon/MintyTiger1/Content/Characters/Fairy_RootBone/Materials/Ch34_1001_Specular.ubulk" 719
"C:/Users/zakst/OneDrive/Documents/Skole/Produksjon/MintyTiger1/Content/Characters/Fairy_RootBone/Materials/Ch34_1001_Specular.uasset" 720
"C:/Users/zakst/OneDrive/Documents/Skole/Produksjon/MintyTiger1/Content/Characters/Fairy_RootBone/Materials/Ch34_1001_Specular.uexp" 721
"C:/Users/zakst/OneDrive/Documents/Skole/Produksjon/MintyTiger1/Content/Characters/Fairy_RootBone/Materials/Ch34_1001_Diffuse.ubulk" 722
"C:/Users/zakst/OneDrive/Documents/Skole/Produksjon/MintyTiger1/Content/Characters/Fairy_RootBone/Materials/Ch34_1001_Diffuse.uasset" 723
"C:/Users/zakst/OneDrive/Documents/Skole/Produksjon/MintyTiger1/Content/Characters/Fairy_RootBone/Materials/Ch34_1001_Diffuse.uexp" 724
"C:/Users/zakst/OneDrive/Documents/Skole/Produksjon/MintyTiger1/Content/Characters/Fairy_RootBone/Materials/Ch34_1001_Glossiness.ubulk" 725
"C:/Users/zakst/OneDrive/Documents/Skole/Produksjon/MintyTiger1/Content/Characters/Fairy_RootBone/Materials/Ch34_1001_Glossiness.uasset" 726
"C:/Users/zakst/OneDrive/Documents/Skole/Produksjon/MintyTiger1/Content/Characters/Fairy_RootBone/Materials/Ch34_1001_Glossiness.uexp" 727
"C:/Users/zakst/OneDrive/Documents/Skole/Produksjon/MintyTiger1/Content/Characters/Fairy_RootBone/Materials/Ch34_1001_Normal.ubulk" 728
"C:/Users/zakst/OneDrive/Documents/Skole/Produksjon/MintyTiger1/Content/Characters/Fairy_RootBone/Materials/Ch34_1001_Normal.uasset" 729
"C:/Users/zakst/OneDrive/Documents/Skole/Produksjon/MintyTiger1/Content/Characters/Fairy_RootBone/Materials/Ch34_1001_Normal.uexp" 730
"C:/Users/zakst/OneDrive/Documents/Skole/Produksjon/MintyTiger1/Content/Characters/Fairy_RootBone/Materials/phong1.uasset" 731
"C:/Users/zakst/OneDrive/Documents/Skole/Produksjon/MintyTiger1/Content/Characters/Fairy_RootBone/Materials/phong1.uexp" 732
"C:/Users/zakst/OneDrive/Documents/Skole/Produksjon/MintyTiger1/Content/Characters/Fairy_RootBone/Fairy_Mesh.uasset" 733
"C:/Users/zakst/OneDrive/Documents/Skole/Produksjon/MintyTiger1/Content/Characters/Fairy_RootBone/Fairy_Mesh.uexp" 734
"../../../Engine/Content/Animation/DefaultAnimCurveCompressionSettings.uasset" 735
"../../../Engine/Content/Animation/DefaultAnimCurveCompressionSettings.uexp" 736
"../../../Engine/Content/Animation/DefaultAnimBoneCompressionSettings.uasset" 737
"../../../Engine/Content/Animation/DefaultAnimBoneCompressionSettings.uexp" 738
"C:/Users/zakst/OneDrive/Documents/Skole/Produksjon/MintyTiger1/Content/Characters/Fairy_RootBone/Animations/Idle.uasset" 739
"C:/Users/zakst/OneDrive/Documents/Skole/Produksjon/MintyTiger1/Content/Characters/Fairy_RootBone/Animations/Idle.uexp" 740
"C:/Users/zakst/OneDrive/Documents/Skole/Produksjon/MintyTiger1/Content/Characters/Fairy_RootBone/Animations/Walking.uasset" 741
"C:/Users/zakst/OneDrive/Documents/Skole/Produksjon/MintyTiger1/Content/Characters/Fairy_RootBone/Animations/Walking.uexp" 742
"C:/Users/zakst/OneDrive/Documents/Skole/Produksjon/MintyTiger1/Content/Characters/Fairy_RootBone/Animations/Running.uasset" 743
"C:/Users/zakst/OneDrive/Documents/Skole/Produksjon/MintyTiger1/Content/Characters/Fairy_RootBone/Animations/Running.uexp" 744
"C:/Users/zakst/OneDrive/Documents/Skole/Produksjon/MintyTiger1/Content/Characters/Fairy_RootBone/Animations/BS_Moving.uasset" 745
"C:/Users/zakst/OneDrive/Documents/Skole/Produksjon/MintyTiger1/Content/Characters/Fairy_RootBone/Animations/BS_Moving.uexp" 746
"C:/Users/zakst/OneDrive/Documents/Skole/Produksjon/MintyTiger1/Content/Characters/Fairy_RootBone/Animations/Push.uasset" 747
"C:/Users/zakst/OneDrive/Documents/Skole/Produksjon/MintyTiger1/Content/Characters/Fairy_RootBone/Animations/Push.uexp" 748
"C:/Users/zakst/OneDrive/Documents/Skole/Produksjon/MintyTiger1/Content/Characters/Fairy_RootBone/Animations/Jumping.uasset" 749
"C:/Users/zakst/OneDrive/Documents/Skole/Produksjon/MintyTiger1/Content/Characters/Fairy_RootBone/Animations/Jumping.uexp" 750
"C:/Users/zakst/OneDrive/Documents/Skole/Produksjon/MintyTiger1/Content/Characters/Fairy_RootBone/Animations/Crouch_Walk.uasset" 751
"C:/Users/zakst/OneDrive/Documents/Skole/Produksjon/MintyTiger1/Content/Characters/Fairy_RootBone/Animations/Crouch_Walk.uexp" 752
"C:/Users/zakst/OneDrive/Documents/Skole/Produksjon/MintyTiger1/Content/Characters/Fairy_RootBone/Animations/Crouch_Idle.uasset" 753
"C:/Users/zakst/OneDrive/Documents/Skole/Produksjon/MintyTiger1/Content/Characters/Fairy_RootBone/Animations/Crouch_Idle.uexp" 754
"C:/Users/zakst/OneDrive/Documents/Skole/Produksjon/MintyTiger1/Content/Characters/Fairy_RootBone/Animations/BS_Crouching.uasset" 755
"C:/Users/zakst/OneDrive/Documents/Skole/Produksjon/MintyTiger1/Content/Characters/Fairy_RootBone/Animations/BS_Crouching.uexp" 756
"C:/Users/zakst/OneDrive/Documents/Skole/Produksjon/MintyTiger1/Content/Assets/TexturesMaterials/T_IncBottel_R.ubulk" 757
"C:/Users/zakst/OneDrive/Documents/Skole/Produksjon/MintyTiger1/Content/Assets/TexturesMaterials/T_IncBottel_R.uasset" 758
"C:/Users/zakst/OneDrive/Documents/Skole/Produksjon/MintyTiger1/Content/Assets/TexturesMaterials/T_IncBottel_R.uexp" 759
"C:/Users/zakst/OneDrive/Documents/Skole/Produksjon/MintyTiger1/Content/Assets/TexturesMaterials/T_IncBottel_BC.ubulk" 760
"C:/Users/zakst/OneDrive/Documents/Skole/Produksjon/MintyTiger1/Content/Assets/TexturesMaterials/T_IncBottel_BC.uasset" 761
"C:/Users/zakst/OneDrive/Documents/Skole/Produksjon/MintyTiger1/Content/Assets/TexturesMaterials/T_IncBottel_BC.uexp" 762
"C:/Users/zakst/OneDrive/Documents/Skole/Produksjon/MintyTiger1/Content/Assets/TexturesMaterials/T_IncBottel_MT.ubulk" 763
"C:/Users/zakst/OneDrive/Documents/Skole/Produksjon/MintyTiger1/Content/Assets/TexturesMaterials/T_IncBottel_MT.uasset" 764
"C:/Users/zakst/OneDrive/Documents/Skole/Produksjon/MintyTiger1/Content/Assets/TexturesMaterials/T_IncBottel_MT.uexp" 765
"C:/Users/zakst/OneDrive/Documents/Skole/Produksjon/MintyTiger1/Content/Assets/TexturesMaterials/Mat_IncBottle.uasset" 766
"C:/Users/zakst/OneDrive/Documents/Skole/Produksjon/MintyTiger1/Content/Assets/TexturesMaterials/Mat_IncBottle.uexp" 767
"C:/Users/zakst/OneDrive/Documents/Skole/Produksjon/MintyTiger1/Content/Interactives/Interact_Interface/Interact_Interface.uasset" 768
"C:/Users/zakst/OneDrive/Documents/Skole/Produksjon/MintyTiger1/Content/Interactives/Interact_Interface/Interact_Interface.uexp" 769
"C:/Users/zakst/OneDrive/Documents/Skole/Produksjon/MintyTiger1/Content/Assets/IncBottel2.ubulk" 770
"C:/Users/zakst/OneDrive/Documents/Skole/Produksjon/MintyTiger1/Content/Assets/IncBottel2.uasset" 771
"C:/Users/zakst/OneDrive/Documents/Skole/Produksjon/MintyTiger1/Content/Assets/IncBottel2.uexp" 772
"../../../Engine/Content/EditorBlueprintResources/StandardMacros.uasset" 773
"../../../Engine/Content/EditorBlueprintResources/StandardMacros.uexp" 774
"C:/Users/zakst/OneDrive/Documents/Skole/Produksjon/MintyTiger1/Content/Interactives/Pushable/BP_Pushable_Inc.uasset" 775
"C:/Users/zakst/OneDrive/Documents/Skole/Produksjon/MintyTiger1/Content/Interactives/Pushable/BP_Pushable_Inc.uexp" 776
"C:/Users/zakst/OneDrive/Documents/Skole/Produksjon/MintyTiger1/Content/Interactives/Pushable/Push_Component.uasset" 777
"C:/Users/zakst/OneDrive/Documents/Skole/Produksjon/MintyTiger1/Content/Interactives/Pushable/Push_Component.uexp" 778
"C:/Users/zakst/OneDrive/Documents/Skole/Produksjon/MintyTiger1/Content/Characters/Fairy_RootBone/BP_FairyAnim.uasset" 779
"C:/Users/zakst/OneDrive/Documents/Skole/Produksjon/MintyTiger1/Content/Characters/Fairy_RootBone/BP_FairyAnim.uexp" 780
"C:/Users/zakst/OneDrive/Documents/Skole/Produksjon/MintyTiger1/Content/UI/PauseMenu_Widget.uasset" 781
"C:/Users/zakst/OneDrive/Documents/Skole/Produksjon/MintyTiger1/Content/UI/PauseMenu_Widget.uexp" 782
"C:/Users/zakst/OneDrive/Documents/Skole/Produksjon/MintyTiger1/Content/Assets/TexturesMaterials/Yellow_Glow.uasset" 783
"C:/Users/zakst/OneDrive/Documents/Skole/Produksjon/MintyTiger1/Content/Assets/TexturesMaterials/Yellow_Glow.uexp" 784
"C:/Users/zakst/OneDrive/Documents/Skole/Produksjon/MintyTiger1/Content/ThirdPerson/Blueprints/BP_CameraManager.uasset" 785
"C:/Users/zakst/OneDrive/Documents/Skole/Produksjon/MintyTiger1/Content/ThirdPerson/Blueprints/BP_CameraManager.uexp" 786
"C:/Users/zakst/OneDrive/Documents/Skole/Produksjon/MintyTiger1/Content/Characters/Fairy_RootBone/BP_Fairy.uasset" 787
"C:/Users/zakst/OneDrive/Documents/Skole/Produksjon/MintyTiger1/Content/Characters/Fairy_RootBone/BP_Fairy.uexp" 788
"C:/Users/zakst/OneDrive/Documents/Skole/Produksjon/MintyTiger1/Content/Assets/IncBottel_pHelix1.ubulk" 789
"C:/Users/zakst/OneDrive/Documents/Skole/Produksjon/MintyTiger1/Content/Assets/IncBottel_pHelix1.uasset" 790
"C:/Users/zakst/OneDrive/Documents/Skole/Produksjon/MintyTiger1/Content/Assets/IncBottel_pHelix1.uexp" 791
"../../../Engine/Content/BasicShapes/BasicShapeMaterial.uasset" 792
"../../../Engine/Content/BasicShapes/BasicShapeMaterial.uexp" 793
"C:/Users/zakst/OneDrive/Documents/Skole/Produksjon/MintyTiger1/Content/StarterContent/Blueprints/JumpPad_BP.uasset" 794
"C:/Users/zakst/OneDrive/Documents/Skole/Produksjon/MintyTiger1/Content/StarterContent/Blueprints/JumpPad_BP.uexp" 795
"C:/Users/zakst/OneDrive/Documents/Skole/Produksjon/MintyTiger1/Content/StarterContent/LevelPrototyping/Textures/T_GridChecker_A.ubulk" 796
"C:/Users/zakst/OneDrive/Documents/Skole/Produksjon/MintyTiger1/Content/StarterContent/LevelPrototyping/Textures/T_GridChecker_A.uasset" 797
"C:/Users/zakst/OneDrive/Documents/Skole/Produksjon/MintyTiger1/Content/StarterContent/LevelPrototyping/Textures/T_GridChecker_A.uexp" 798
"../../../Engine/Content/Functions/Engine_MaterialFunctions01/Gradient/LinearGradient.uasset" 799
"../../../Engine/Content/Functions/Engine_MaterialFunctions01/Gradient/LinearGradient.uexp" 800
"../../../Engine/Content/Functions/Engine_MaterialFunctions01/ImageAdjustment/CheapContrast.uasset" 801
"../../../Engine/Content/Functions/Engine_MaterialFunctions01/ImageAdjustment/CheapContrast.uexp" 802
"C:/Users/zakst/OneDrive/Documents/Skole/Produksjon/MintyTiger1/Content/StarterContent/LevelPrototyping/Materials/MF_ProcGrid.uasset" 803
"C:/Users/zakst/OneDrive/Documents/Skole/Produksjon/MintyTiger1/Content/StarterContent/LevelPrototyping/Materials/MF_ProcGrid.uexp" 804
"C:/Users/zakst/OneDrive/Documents/Skole/Produksjon/MintyTiger1/Content/StarterContent/LevelPrototyping/Materials/M_PrototypeGrid.uasset" 805
"C:/Users/zakst/OneDrive/Documents/Skole/Produksjon/MintyTiger1/Content/StarterContent/LevelPrototyping/Materials/M_PrototypeGrid.uexp" 806
"C:/Users/zakst/OneDrive/Documents/Skole/Produksjon/MintyTiger1/Content/StarterContent/LevelPrototyping/Materials/MI_PrototypeGrid_Gray.uasset" 807
"C:/Users/zakst/OneDrive/Documents/Skole/Produksjon/MintyTiger1/Content/StarterContent/LevelPrototyping/Materials/MI_PrototypeGrid_Gray.uexp" 808
"C:/Users/zakst/OneDrive/Documents/Skole/Produksjon/MintyTiger1/Content/StarterContent/LevelPrototyping/Meshes/SM_Cube.ubulk" 809
"C:/Users/zakst/OneDrive/Documents/Skole/Produksjon/MintyTiger1/Content/StarterContent/LevelPrototyping/Meshes/SM_Cube.uasset" 810
"C:/Users/zakst/OneDrive/Documents/Skole/Produksjon/MintyTiger1/Content/StarterContent/LevelPrototyping/Meshes/SM_Cube.uexp" 811
"C:/Users/zakst/OneDrive/Documents/Skole/Produksjon/MintyTiger1/Content/StarterContent/Textures/T_Wood_Walnut_N.ubulk" 812
"C:/Users/zakst/OneDrive/Documents/Skole/Produksjon/MintyTiger1/Content/StarterContent/Textures/T_Wood_Walnut_N.uasset" 813
"C:/Users/zakst/OneDrive/Documents/Skole/Produksjon/MintyTiger1/Content/StarterContent/Textures/T_Wood_Walnut_N.uexp" 814
"C:/Users/zakst/OneDrive/Documents/Skole/Produksjon/MintyTiger1/Content/StarterContent/Textures/T_Wood_Walnut_D.ubulk" 815
"C:/Users/zakst/OneDrive/Documents/Skole/Produksjon/MintyTiger1/Content/StarterContent/Textures/T_Wood_Walnut_D.uasset" 816
"C:/Users/zakst/OneDrive/Documents/Skole/Produksjon/MintyTiger1/Content/StarterContent/Textures/T_Wood_Walnut_D.uexp" 817
"C:/Users/zakst/OneDrive/Documents/Skole/Produksjon/MintyTiger1/Content/StarterContent/Textures/T_MacroVariation.uasset" 818
"C:/Users/zakst/OneDrive/Documents/Skole/Produksjon/MintyTiger1/Content/StarterContent/Textures/T_MacroVariation.uexp" 819
"C:/Users/zakst/OneDrive/Documents/Skole/Produksjon/MintyTiger1/Content/StarterContent/Materials/M_Wood_Walnut.uasset" 820
"C:/Users/zakst/OneDrive/Documents/Skole/Produksjon/MintyTiger1/Content/StarterContent/Materials/M_Wood_Walnut.uexp" 821
"C:/Users/zakst/OneDrive/Documents/Skole/Produksjon/MintyTiger1/Content/StarterContent/Textures/T_Wood_Pine_D.ubulk" 822
"C:/Users/zakst/OneDrive/Documents/Skole/Produksjon/MintyTiger1/Content/StarterContent/Textures/T_Wood_Pine_D.uasset" 823
"C:/Users/zakst/OneDrive/Documents/Skole/Produksjon/MintyTiger1/Content/StarterContent/Textures/T_Wood_Pine_D.uexp" 824
"C:/Users/zakst/OneDrive/Documents/Skole/Produksjon/MintyTiger1/Content/StarterContent/Textures/T_Wood_Pine_N.ubulk" 825
"C:/Users/zakst/OneDrive/Documents/Skole/Produksjon/MintyTiger1/Content/StarterContent/Textures/T_Wood_Pine_N.uasset" 826
"C:/Users/zakst/OneDrive/Documents/Skole/Produksjon/MintyTiger1/Content/StarterContent/Textures/T_Wood_Pine_N.uexp" 827
"C:/Users/zakst/OneDrive/Documents/Skole/Produksjon/MintyTiger1/Content/StarterContent/Textures/T_Perlin_Noise_M.ubulk" 828
"C:/Users/zakst/OneDrive/Documents/Skole/Produksjon/MintyTiger1/Content/StarterContent/Textures/T_Perlin_Noise_M.uasset" 829
"C:/Users/zakst/OneDrive/Documents/Skole/Produksjon/MintyTiger1/Content/StarterContent/Textures/T_Perlin_Noise_M.uexp" 830
"C:/Users/zakst/OneDrive/Documents/Skole/Produksjon/MintyTiger1/Content/StarterContent/Materials/M_Wood_Pine.uasset" 831
"C:/Users/zakst/OneDrive/Documents/Skole/Produksjon/MintyTiger1/Content/StarterContent/Materials/M_Wood_Pine.uexp" 832
"../../../Engine/Content/Functions/Engine_MaterialFunctions01/Opacity/AlphaOffset.uasset" 833
"../../../Engine/Content/Functions/Engine_MaterialFunctions01/Opacity/AlphaOffset.uexp" 834
"C:/Users/zakst/OneDrive/Documents/Skole/Produksjon/MintyTiger1/Content/StarterContent/Textures/T_Wood_Floor_Walnut_M.ubulk" 835
"C:/Users/zakst/OneDrive/Documents/Skole/Produksjon/MintyTiger1/Content/StarterContent/Textures/T_Wood_Floor_Walnut_M.uasset" 836
"C:/Users/zakst/OneDrive/Documents/Skole/Produksjon/MintyTiger1/Content/StarterContent/Textures/T_Wood_Floor_Walnut_M.uexp" 837
"C:/Users/zakst/OneDrive/Documents/Skole/Produksjon/MintyTiger1/Content/StarterContent/Textures/T_Wood_Floor_Walnut_D.ubulk" 838
"C:/Users/zakst/OneDrive/Documents/Skole/Produksjon/MintyTiger1/Content/StarterContent/Textures/T_Wood_Floor_Walnut_D.uasset" 839
"C:/Users/zakst/OneDrive/Documents/Skole/Produksjon/MintyTiger1/Content/StarterContent/Textures/T_Wood_Floor_Walnut_D.uexp" 840
"C:/Users/zakst/OneDrive/Documents/Skole/Produksjon/MintyTiger1/Content/StarterContent/Textures/T_Wood_Floor_Walnut_N.ubulk" 841
"C:/Users/zakst/OneDrive/Documents/Skole/Produksjon/MintyTiger1/Content/StarterContent/Textures/T_Wood_Floor_Walnut_N.uasset" 842
"C:/Users/zakst/OneDrive/Documents/Skole/Produksjon/MintyTiger1/Content/StarterContent/Textures/T_Wood_Floor_Walnut_N.uexp" 843
"C:/Users/zakst/OneDrive/Documents/Skole/Produksjon/MintyTiger1/Content/StarterContent/Materials/M_Wood_Floor_Walnut_Worn.uasset" 844
"C:/Users/zakst/OneDrive/Documents/Skole/Produksjon/MintyTiger1/Content/StarterContent/Materials/M_Wood_Floor_Walnut_Worn.uexp" 845
"../../../Engine/Content/Functions/Engine_MaterialFunctions02/Utility/BlendAngleCorrectedNormals.uasset" 846
"../../../Engine/Content/Functions/Engine_MaterialFunctions02/Utility/BlendAngleCorrectedNormals.uexp" 847
"C:/Users/zakst/OneDrive/Documents/Skole/Produksjon/MintyTiger1/Content/StarterContent/Textures/T_Water_M.ubulk" 848
"C:/Users/zakst/OneDrive/Documents/Skole/Produksjon/MintyTiger1/Content/StarterContent/Textures/T_Water_M.uasset" 849
"C:/Users/zakst/OneDrive/Documents/Skole/Produksjon/MintyTiger1/Content/StarterContent/Textures/T_Water_M.uexp" 850
"C:/Users/zakst/OneDrive/Documents/Skole/Produksjon/MintyTiger1/Content/StarterContent/Textures/T_Water_N.ubulk" 851
"C:/Users/zakst/OneDrive/Documents/Skole/Produksjon/MintyTiger1/Content/StarterContent/Textures/T_Water_N.uasset" 852
"C:/Users/zakst/OneDrive/Documents/Skole/Produksjon/MintyTiger1/Content/StarterContent/Textures/T_Water_N.uexp" 853
"C:/Users/zakst/OneDrive/Documents/Skole/Produksjon/MintyTiger1/Content/StarterContent/Materials/M_Water_Ocean.uasset" 854
"C:/Users/zakst/OneDrive/Documents/Skole/Produksjon/MintyTiger1/Content/StarterContent/Materials/M_Water_Ocean.uexp" 855
"C:/Users/zakst/OneDrive/Documents/Skole/Produksjon/MintyTiger1/Content/StarterContent/Materials/M_Water_Lake.uasset" 856
"C:/Users/zakst/OneDrive/Documents/Skole/Produksjon/MintyTiger1/Content/StarterContent/Materials/M_Water_Lake.uexp" 857
"C:/Users/zakst/OneDrive/Documents/Skole/Produksjon/MintyTiger1/Content/StarterContent/Textures/T_Metal_Steel_D.ubulk" 858
"C:/Users/zakst/OneDrive/Documents/Skole/Produksjon/MintyTiger1/Content/StarterContent/Textures/T_Metal_Steel_D.uasset" 859
"C:/Users/zakst/OneDrive/Documents/Skole/Produksjon/MintyTiger1/Content/StarterContent/Textures/T_Metal_Steel_D.uexp" 860
"C:/Users/zakst/OneDrive/Documents/Skole/Produksjon/MintyTiger1/Content/StarterContent/Textures/T_Tech_Panel_N.ubulk" 861
"C:/Users/zakst/OneDrive/Documents/Skole/Produksjon/MintyTiger1/Content/StarterContent/Textures/T_Tech_Panel_N.uasset" 862
"C:/Users/zakst/OneDrive/Documents/Skole/Produksjon/MintyTiger1/Content/StarterContent/Textures/T_Tech_Panel_N.uexp" 863
"C:/Users/zakst/OneDrive/Documents/Skole/Produksjon/MintyTiger1/Content/StarterContent/Textures/T_Tech_Panel_M.ubulk" 864
"C:/Users/zakst/OneDrive/Documents/Skole/Produksjon/MintyTiger1/Content/StarterContent/Textures/T_Tech_Panel_M.uasset" 865
"C:/Users/zakst/OneDrive/Documents/Skole/Produksjon/MintyTiger1/Content/StarterContent/Textures/T_Tech_Panel_M.uexp" 866
"C:/Users/zakst/OneDrive/Documents/Skole/Produksjon/MintyTiger1/Content/StarterContent/Materials/M_Tech_Panel.uasset" 867
"C:/Users/zakst/OneDrive/Documents/Skole/Produksjon/MintyTiger1/Content/StarterContent/Materials/M_Tech_Panel.uexp" 868
"C:/Users/zakst/OneDrive/Documents/Skole/Produksjon/MintyTiger1/Content/StarterContent/Textures/T_Metal_Gold_N.ubulk" 869
"C:/Users/zakst/OneDrive/Documents/Skole/Produksjon/MintyTiger1/Content/StarterContent/Textures/T_Metal_Gold_N.uasset" 870
"C:/Users/zakst/OneDrive/Documents/Skole/Produksjon/MintyTiger1/Content/StarterContent/Textures/T_Metal_Gold_N.uexp" 871
"C:/Users/zakst/OneDrive/Documents/Skole/Produksjon/MintyTiger1/Content/StarterContent/Textures/T_Metal_Aluminum_D.ubulk" 872
"C:/Users/zakst/OneDrive/Documents/Skole/Produksjon/MintyTiger1/Content/StarterContent/Textures/T_Metal_Aluminum_D.uasset" 873
"C:/Users/zakst/OneDrive/Documents/Skole/Produksjon/MintyTiger1/Content/StarterContent/Textures/T_Metal_Aluminum_D.uexp" 874
"C:/Users/zakst/OneDrive/Documents/Skole/Produksjon/MintyTiger1/Content/StarterContent/Materials/M_Metal_Burnished_Steel.uasset" 875
"C:/Users/zakst/OneDrive/Documents/Skole/Produksjon/MintyTiger1/Content/StarterContent/Materials/M_Metal_Burnished_Steel.uexp" 876
"C:/Users/zakst/OneDrive/Documents/Skole/Produksjon/MintyTiger1/Content/StarterContent/Shapes/Shape_Cube.ubulk" 877
"C:/Users/zakst/OneDrive/Documents/Skole/Produksjon/MintyTiger1/Content/StarterContent/Shapes/Shape_Cube.uasset" 878
"C:/Users/zakst/OneDrive/Documents/Skole/Produksjon/MintyTiger1/Content/StarterContent/Shapes/Shape_Cube.uexp" 879
"../../../Engine/Content/Maps/Entry_BuiltData.uasset" 880
"../../../Engine/Content/Maps/Entry_BuiltData.uexp" 881
"../../../Engine/Content/Maps/Entry.uexp" 882
"../../../Engine/Content/Maps/Entry.umap" 883
"../../../Engine/Content/Maps/Templates/HLODs/HLODLayer_Instanced.uasset" 884
"../../../Engine/Content/Maps/Templates/HLODs/HLODLayer_Instanced.uexp" 885
"C:/Users/zakst/OneDrive/Documents/Skole/Produksjon/MintyTiger1/Content/ThirdPerson/Blueprints/BP_ThirdPersonGameMode.uasset" 886
"C:/Users/zakst/OneDrive/Documents/Skole/Produksjon/MintyTiger1/Content/ThirdPerson/Blueprints/BP_ThirdPersonGameMode.uexp" 887
"C:/Users/zakst/OneDrive/Documents/Skole/Produksjon/MintyTiger1/Content/ThirdPerson/Maps/ThirdPersonMap.uexp" 888
"C:/Users/zakst/OneDrive/Documents/Skole/Produksjon/MintyTiger1/Content/ThirdPerson/Maps/ThirdPersonMap.umap" 889
"C:/Users/zakst/OneDrive/Documents/Skole/Produksjon/MintyTiger1/Content/UI/StartScreen_Texture.uasset" 890
"C:/Users/zakst/OneDrive/Documents/Skole/Produksjon/MintyTiger1/Content/UI/StartScreen_Texture.uexp" 891
"C:/Users/zakst/OneDrive/Documents/Skole/Produksjon/MintyTiger1/Content/UI/Controls_Widget.uasset" 892
"C:/Users/zakst/OneDrive/Documents/Skole/Produksjon/MintyTiger1/Content/UI/Controls_Widget.uexp" 893
"C:/Users/zakst/OneDrive/Documents/Skole/Produksjon/MintyTiger1/Content/UI/MainMenu_Widget.uasset" 894
"C:/Users/zakst/OneDrive/Documents/Skole/Produksjon/MintyTiger1/Content/UI/MainMenu_Widget.uexp" 895
"C:/Users/zakst/OneDrive/Documents/Skole/Produksjon/MintyTiger1/Content/UI/PC_MainMenu.uasset" 896
"C:/Users/zakst/OneDrive/Documents/Skole/Produksjon/MintyTiger1/Content/UI/PC_MainMenu.uexp" 897
"C:/Users/zakst/OneDrive/Documents/Skole/Produksjon/MintyTiger1/Content/UI/BP_MainMenu_GameMode.uasset" 898
"C:/Users/zakst/OneDrive/Documents/Skole/Produksjon/MintyTiger1/Content/UI/BP_MainMenu_GameMode.uexp" 899
"C:/Users/zakst/OneDrive/Documents/Skole/Produksjon/MintyTiger1/Content/UI/MainMenu_Level.uexp" 900
"C:/Users/zakst/OneDrive/Documents/Skole/Produksjon/MintyTiger1/Content/UI/MainMenu_Level.umap" 901
